{"C:\\Users\\库里小情人\\Documents\\Tencent Files\\2064330975\\FileRecv\\嗨阅读\\GraduationProject\\book-manage\\src\\api\\http.js": {"path":"C:\\Users\\库里小情人\\Documents\\Tencent Files\\2064330975\\FileRecv\\嗨阅读\\GraduationProject\\book-manage\\src\\api\\http.js","statementMap":{"0":{"start":{"line":1,"column":0},"end":{"line":null,"column":-1}},"1":{"start":{"line":2,"column":0},"end":{"line":null,"column":-1}},"2":{"start":{"line":14,"column":8},"end":{"line":19,"column":5}},"3":{"start":{"line":15,"column":12},"end":{"line":16,"column":9}},"4":{"start":{"line":17,"column":12},"end":{"line":18,"column":9}},"5":{"start":{"line":21,"column":8},"end":{"line":36,"column":5}},"6":{"start":{"line":22,"column":12},"end":{"line":34,"column":12}},"7":{"start":{"line":24,"column":20},"end":{"line":30,"column":20}},"8":{"start":{"line":30,"column":20},"end":{"line":31,"column":16}},"9":{"start":{"line":32,"column":20},"end":{"line":22,"column":12}},"10":{"start":{"line":34,"column":12},"end":{"line":35,"column":9}},"11":{"start":{"line":42,"column":34},"end":{"line":42,"column":33}},"12":{"start":{"line":43,"column":4},"end":{"line":52,"column":1}},"13":{"start":{"line":44,"column":8},"end":{"line":51,"column":5}},"14":{"start":{"line":46,"column":12},"end":{"line":47,"column":9}},"15":{"start":{"line":49,"column":12},"end":{"line":50,"column":9}},"16":{"start":{"line":57,"column":33},"end":{"line":57,"column":32}},"17":{"start":{"line":58,"column":4},"end":{"line":67,"column":1}},"18":{"start":{"line":59,"column":8},"end":{"line":66,"column":5}},"19":{"start":{"line":61,"column":12},"end":{"line":62,"column":9}},"20":{"start":{"line":64,"column":12},"end":{"line":65,"column":9}}},"fnMap":{"0":{"name":"(anonymous_1)","decl":{"start":{"line":12,"column":4},"end":{"line":12,"column":15}},"loc":{"start":{"line":12,"column":16},"end":{"line":11,"column":0}}},"1":{"name":"(anonymous_2)","decl":{"start":{"line":20,"column":4},"end":{"line":20,"column":12}},"loc":{"start":{"line":20,"column":13},"end":{"line":11,"column":0}}},"2":{"name":"(anonymous_4)","decl":{"start":{"line":43,"column":23},"end":{"line":43,"column":23}},"loc":{"start":{"line":43,"column":43},"end":{"line":43,"column":11}}},"3":{"name":"(anonymous_5)","decl":{"start":{"line":45,"column":14},"end":{"line":45,"column":24}},"loc":{"start":{"line":45,"column":25},"end":{"line":44,"column":8}}},"4":{"name":"(anonymous_6)","decl":{"start":{"line":48,"column":15},"end":{"line":48,"column":20}},"loc":{"start":{"line":48,"column":21},"end":{"line":44,"column":8}}},"5":{"name":"post","decl":{"start":{"line":57,"column":16},"end":{"line":57,"column":7}},"loc":{"start":{"line":57,"column":33},"end":{"line":67,"column":1}}},"6":{"name":"(anonymous_8)","decl":{"start":{"line":58,"column":23},"end":{"line":58,"column":23}},"loc":{"start":{"line":58,"column":43},"end":{"line":58,"column":11}}},"7":{"name":"(anonymous_9)","decl":{"start":{"line":60,"column":14},"end":{"line":60,"column":24}},"loc":{"start":{"line":60,"column":25},"end":{"line":59,"column":8}}},"8":{"name":"(anonymous_10)","decl":{"start":{"line":63,"column":15},"end":{"line":63,"column":20}},"loc":{"start":{"line":63,"column":21},"end":{"line":59,"column":8}}}},"branchMap":{"0":{"loc":{"start":{"line":14,"column":8},"end":{"line":19,"column":5}},"type":"if","locations":[{"start":{"line":14,"column":8},"end":{"line":19,"column":5}},{"start":{"line":14,"column":8},"end":{"line":19,"column":5}}]},"1":{"loc":{"start":{"line":21,"column":8},"end":{"line":36,"column":5}},"type":"if","locations":[{"start":{"line":21,"column":8},"end":{"line":36,"column":5}},{"start":{"line":21,"column":8},"end":{"line":36,"column":5}}]},"2":{"loc":{"start":{"line":23,"column":16},"end":{"line":31,"column":16}},"type":"switch","locations":[{"start":{"line":23,"column":16},"end":{"line":31,"column":16}},{"start":{"line":31,"column":16},"end":{"line":22,"column":12}}]},"3":{"loc":{"start":{"line":42,"column":34},"end":{"line":42,"column":30}},"type":"cond-expr","locations":[{"start":{"line":42,"column":34},"end":{"line":42,"column":30}},{"start":{"line":42,"column":31},"end":{"line":42,"column":34}}]},"4":{"loc":{"start":{"line":42,"column":34},"end":{"line":42,"column":30}},"type":"binary-expr","locations":[{"start":{"line":42,"column":34},"end":{"line":42,"column":30}},{"start":{"line":42,"column":34},"end":{"line":42,"column":30}}]},"5":{"loc":{"start":{"line":57,"column":33},"end":{"line":57,"column":29}},"type":"cond-expr","locations":[{"start":{"line":57,"column":33},"end":{"line":57,"column":29}},{"start":{"line":57,"column":30},"end":{"line":57,"column":33}}]},"6":{"loc":{"start":{"line":57,"column":33},"end":{"line":57,"column":29}},"type":"binary-expr","locations":[{"start":{"line":57,"column":33},"end":{"line":57,"column":29}},{"start":{"line":57,"column":33},"end":{"line":57,"column":29}}]}},"s":{"0":0,"1":0,"2":0,"3":0,"4":0,"5":0,"6":0,"7":0,"8":0,"9":0,"10":0,"11":0,"12":0,"13":0,"14":0,"15":0,"16":0,"17":0,"18":0,"19":0,"20":0},"f":{"0":0,"1":0,"2":0,"3":0,"4":0,"5":0,"6":0,"7":0,"8":0},"b":{"0":[0,0],"1":[0,0],"2":[0,0],"3":[0,0],"4":[0,0],"5":[0,0],"6":[0,0]}}
,"C:\\Users\\库里小情人\\Documents\\Tencent Files\\2064330975\\FileRecv\\嗨阅读\\GraduationProject\\book-manage\\src\\api\\index.js": {"path":"C:\\Users\\库里小情人\\Documents\\Tencent Files\\2064330975\\FileRecv\\嗨阅读\\GraduationProject\\book-manage\\src\\api\\index.js","statementMap":{"0":{"start":{"line":1,"column":0},"end":{"line":null,"column":-1}},"1":{"start":{"line":4,"column":13},"end":{"line":4,"column":7}},"2":{"start":{"line":4,"column":30},"end":{"line":4,"column":6}},"3":{"start":{"line":8,"column":13},"end":{"line":8,"column":7}},"4":{"start":{"line":8,"column":25},"end":{"line":8,"column":6}},"5":{"start":{"line":10,"column":13},"end":{"line":10,"column":7}},"6":{"start":{"line":10,"column":28},"end":{"line":10,"column":6}},"7":{"start":{"line":12,"column":13},"end":{"line":12,"column":7}},"8":{"start":{"line":12,"column":28},"end":{"line":12,"column":6}},"9":{"start":{"line":14,"column":13},"end":{"line":14,"column":7}},"10":{"start":{"line":14,"column":25},"end":{"line":14,"column":6}},"11":{"start":{"line":18,"column":13},"end":{"line":18,"column":7}},"12":{"start":{"line":18,"column":29},"end":{"line":18,"column":6}},"13":{"start":{"line":20,"column":13},"end":{"line":20,"column":7}},"14":{"start":{"line":20,"column":23},"end":{"line":20,"column":6}},"15":{"start":{"line":22,"column":13},"end":{"line":22,"column":7}},"16":{"start":{"line":22,"column":26},"end":{"line":22,"column":6}},"17":{"start":{"line":24,"column":13},"end":{"line":24,"column":7}},"18":{"start":{"line":24,"column":26},"end":{"line":24,"column":6}},"19":{"start":{"line":26,"column":13},"end":{"line":26,"column":7}},"20":{"start":{"line":26,"column":23},"end":{"line":26,"column":6}},"21":{"start":{"line":28,"column":13},"end":{"line":28,"column":7}},"22":{"start":{"line":28,"column":27},"end":{"line":28,"column":6}},"23":{"start":{"line":32,"column":13},"end":{"line":32,"column":7}},"24":{"start":{"line":32,"column":32},"end":{"line":32,"column":6}},"25":{"start":{"line":34,"column":13},"end":{"line":34,"column":7}},"26":{"start":{"line":34,"column":28},"end":{"line":34,"column":6}},"27":{"start":{"line":36,"column":13},"end":{"line":36,"column":7}},"28":{"start":{"line":36,"column":31},"end":{"line":36,"column":6}},"29":{"start":{"line":38,"column":13},"end":{"line":38,"column":7}},"30":{"start":{"line":38,"column":31},"end":{"line":38,"column":6}},"31":{"start":{"line":40,"column":13},"end":{"line":40,"column":7}},"32":{"start":{"line":40,"column":28},"end":{"line":40,"column":6}},"33":{"start":{"line":44,"column":13},"end":{"line":44,"column":7}},"34":{"start":{"line":44,"column":29},"end":{"line":44,"column":6}},"35":{"start":{"line":46,"column":13},"end":{"line":46,"column":7}},"36":{"start":{"line":46,"column":27},"end":{"line":46,"column":6}},"37":{"start":{"line":48,"column":13},"end":{"line":48,"column":7}},"38":{"start":{"line":48,"column":30},"end":{"line":48,"column":6}},"39":{"start":{"line":50,"column":13},"end":{"line":50,"column":7}},"40":{"start":{"line":50,"column":27},"end":{"line":50,"column":6}},"41":{"start":{"line":52,"column":13},"end":{"line":52,"column":7}},"42":{"start":{"line":52,"column":26},"end":{"line":52,"column":6}},"43":{"start":{"line":56,"column":13},"end":{"line":56,"column":7}},"44":{"start":{"line":56,"column":34},"end":{"line":56,"column":6}},"45":{"start":{"line":58,"column":13},"end":{"line":58,"column":7}},"46":{"start":{"line":58,"column":32},"end":{"line":58,"column":6}}},"fnMap":{"0":{"name":"getLoginStatus","decl":{"start":{"line":4,"column":13},"end":{"line":4,"column":30}},"loc":{"start":{"line":4,"column":30},"end":{"line":4,"column":7}}},"1":{"name":"setWriter","decl":{"start":{"line":8,"column":13},"end":{"line":8,"column":25}},"loc":{"start":{"line":8,"column":25},"end":{"line":8,"column":7}}},"2":{"name":"getAllWriter","decl":{"start":{"line":10,"column":13},"end":{"line":10,"column":28}},"loc":{"start":{"line":10,"column":28},"end":{"line":10,"column":7}}},"3":{"name":"updateWriter","decl":{"start":{"line":12,"column":13},"end":{"line":12,"column":28}},"loc":{"start":{"line":12,"column":28},"end":{"line":12,"column":7}}},"4":{"name":"delWriter","decl":{"start":{"line":14,"column":13},"end":{"line":14,"column":25}},"loc":{"start":{"line":14,"column":25},"end":{"line":14,"column":7}}},"5":{"name":"bookOfWriterId","decl":{"start":{"line":18,"column":13},"end":{"line":18,"column":29}},"loc":{"start":{"line":18,"column":29},"end":{"line":18,"column":7}}},"6":{"name":"setBook","decl":{"start":{"line":20,"column":13},"end":{"line":20,"column":23}},"loc":{"start":{"line":20,"column":23},"end":{"line":20,"column":7}}},"7":{"name":"getAllBook","decl":{"start":{"line":22,"column":13},"end":{"line":22,"column":26}},"loc":{"start":{"line":22,"column":26},"end":{"line":22,"column":7}}},"8":{"name":"updateBook","decl":{"start":{"line":24,"column":13},"end":{"line":24,"column":26}},"loc":{"start":{"line":24,"column":26},"end":{"line":24,"column":7}}},"9":{"name":"delBook","decl":{"start":{"line":26,"column":13},"end":{"line":26,"column":23}},"loc":{"start":{"line":26,"column":23},"end":{"line":26,"column":7}}},"10":{"name":"bookOfBookId","decl":{"start":{"line":28,"column":13},"end":{"line":28,"column":27}},"loc":{"start":{"line":28,"column":27},"end":{"line":28,"column":7}}},"11":{"name":"directoryOfBookId","decl":{"start":{"line":32,"column":13},"end":{"line":32,"column":32}},"loc":{"start":{"line":32,"column":32},"end":{"line":32,"column":7}}},"12":{"name":"setDirectory","decl":{"start":{"line":34,"column":13},"end":{"line":34,"column":28}},"loc":{"start":{"line":34,"column":28},"end":{"line":34,"column":7}}},"13":{"name":"getAllDirectory","decl":{"start":{"line":36,"column":13},"end":{"line":36,"column":31}},"loc":{"start":{"line":36,"column":31},"end":{"line":36,"column":7}}},"14":{"name":"updateDirectory","decl":{"start":{"line":38,"column":13},"end":{"line":38,"column":31}},"loc":{"start":{"line":38,"column":31},"end":{"line":38,"column":7}}},"15":{"name":"delDirectory","decl":{"start":{"line":40,"column":13},"end":{"line":40,"column":28}},"loc":{"start":{"line":40,"column":28},"end":{"line":40,"column":7}}},"16":{"name":"getAllConsumer","decl":{"start":{"line":44,"column":13},"end":{"line":44,"column":29}},"loc":{"start":{"line":44,"column":29},"end":{"line":44,"column":7}}},"17":{"name":"setConsumer","decl":{"start":{"line":46,"column":13},"end":{"line":46,"column":27}},"loc":{"start":{"line":46,"column":27},"end":{"line":46,"column":7}}},"18":{"name":"updateConsumer","decl":{"start":{"line":48,"column":13},"end":{"line":48,"column":30}},"loc":{"start":{"line":48,"column":30},"end":{"line":48,"column":7}}},"19":{"name":"delConsumer","decl":{"start":{"line":50,"column":13},"end":{"line":50,"column":27}},"loc":{"start":{"line":50,"column":27},"end":{"line":50,"column":7}}},"20":{"name":"getUserOfId","decl":{"start":{"line":52,"column":13},"end":{"line":52,"column":26}},"loc":{"start":{"line":52,"column":26},"end":{"line":52,"column":7}}},"21":{"name":"getCollectOfUserId","decl":{"start":{"line":56,"column":13},"end":{"line":56,"column":34}},"loc":{"start":{"line":56,"column":34},"end":{"line":56,"column":7}}},"22":{"name":"deleteCollection","decl":{"start":{"line":58,"column":13},"end":{"line":58,"column":32}},"loc":{"start":{"line":58,"column":32},"end":{"line":58,"column":7}}}},"branchMap":{},"s":{"0":0,"1":0,"2":0,"3":0,"4":0,"5":0,"6":0,"7":0,"8":0,"9":0,"10":0,"11":0,"12":0,"13":0,"14":0,"15":0,"16":0,"17":0,"18":0,"19":0,"20":0,"21":0,"22":0,"23":0,"24":0,"25":0,"26":0,"27":0,"28":0,"29":0,"30":0,"31":0,"32":0,"33":0,"34":0,"35":0,"36":0,"37":0,"38":0,"39":0,"40":0,"41":0,"42":0,"43":0,"44":0,"45":0,"46":0},"f":{"0":0,"1":0,"2":0,"3":0,"4":0,"5":0,"6":0,"7":0,"8":0,"9":0,"10":0,"11":0,"12":0,"13":0,"14":0,"15":0,"16":0,"17":0,"18":0,"19":0,"20":0,"21":0,"22":0},"b":{}}
,"C:\\Users\\库里小情人\\Documents\\Tencent Files\\2064330975\\FileRecv\\嗨阅读\\GraduationProject\\book-manage\\src\\assets\\js\\bus.js": {"path":"C:\\Users\\库里小情人\\Documents\\Tencent Files\\2064330975\\FileRecv\\嗨阅读\\GraduationProject\\book-manage\\src\\assets\\js\\bus.js","statementMap":{"0":{"start":{"line":1,"column":0},"end":{"line":null,"column":-1}},"1":{"start":{"line":4,"column":12},"end":{"line":4,"column":0}}},"fnMap":{},"branchMap":{},"s":{"0":0,"1":0},"f":{},"b":{}}
,"C:\\Users\\库里小情人\\Documents\\Tencent Files\\2064330975\\FileRecv\\嗨阅读\\GraduationProject\\book-manage\\src\\assets\\js\\iconfont.js": {"path":"C:\\Users\\库里小情人\\Documents\\Tencent Files\\2064330975\\FileRecv\\嗨阅读\\GraduationProject\\book-manage\\src\\assets\\js\\iconfont.js","statementMap":{"0":{"start":{"line":2,"column":0},"end":{"line":null,"column":-1}},"1":{"start":{"line":2,"column":21},"end":{"line":2,"column":13}},"2":{"start":{"line":2,"column":1041},"end":{"line":2,"column":13}},"3":{"start":{"line":2,"column":1128},"end":{"line":2,"column":1386}},"4":{"start":{"line":2,"column":1167},"end":{"line":2,"column":1201}},"5":{"start":{"line":2,"column":1201},"end":{"line":2,"column":1386}},"6":{"start":{"line":2,"column":1205},"end":{"line":2,"column":1352}},"7":{"start":{"line":2,"column":1361},"end":{"line":2,"column":1385}},"8":{"start":{"line":2,"column":1386},"end":{"line":2,"column":2288}},"9":{"start":{"line":2,"column":1399},"end":{"line":2,"column":1886}},"10":{"start":{"line":2,"column":1428},"end":{"line":2,"column":1399}},"11":{"start":{"line":2,"column":1497},"end":{"line":2,"column":1428}},"12":{"start":{"line":2,"column":1524},"end":{"line":2,"column":1518}},"13":{"start":{"line":2,"column":1535},"end":{"line":2,"column":1593}},"14":{"start":{"line":2,"column":1594},"end":{"line":2,"column":1645}},"15":{"start":{"line":2,"column":1650},"end":{"line":2,"column":1886}},"16":{"start":{"line":2,"column":1709},"end":{"line":2,"column":1786}},"17":{"start":{"line":2,"column":1713},"end":{"line":2,"column":1748}},"18":{"start":{"line":2,"column":1757},"end":{"line":2,"column":1786}},"19":{"start":{"line":2,"column":1786},"end":{"line":2,"column":1790}},"20":{"start":{"line":2,"column":1826},"end":{"line":2,"column":1884}},"21":{"start":{"line":2,"column":1899},"end":{"line":2,"column":1913}},"22":{"start":{"line":2,"column":1945},"end":{"line":2,"column":2286}},"23":{"start":{"line":2,"column":2175},"end":{"line":2,"column":2267}},"24":{"start":{"line":2,"column":2202},"end":{"line":2,"column":2233}}},"fnMap":{"0":{"name":"(anonymous_0)","decl":{"start":{"line":2,"column":1},"end":{"line":2,"column":9}},"loc":{"start":{"line":2,"column":12},"end":{"line":2,"column":1}}},"1":{"name":"(anonymous_1)","decl":{"start":{"line":2,"column":1387},"end":{"line":2,"column":1395}},"loc":{"start":{"line":2,"column":1398},"end":{"line":2,"column":1387}}},"2":{"name":"t","decl":{"start":{"line":2,"column":1522},"end":{"line":2,"column":1524}},"loc":{"start":{"line":2,"column":1534},"end":{"line":2,"column":1518}}},"3":{"name":"d","decl":{"start":{"line":2,"column":1698},"end":{"line":2,"column":1707}},"loc":{"start":{"line":2,"column":1708},"end":{"line":2,"column":1695}}},"4":{"name":"(anonymous_4)","decl":{"start":{"line":2,"column":1815},"end":{"line":2,"column":1824}},"loc":{"start":{"line":2,"column":1825},"end":{"line":2,"column":1650}}},"5":{"name":"n","decl":{"start":{"line":2,"column":1895},"end":{"line":2,"column":1886}},"loc":{"start":{"line":2,"column":1898},"end":{"line":2,"column":1913}}},"6":{"name":"(anonymous_6)","decl":{"start":{"line":2,"column":1926},"end":{"line":2,"column":1935}},"loc":{"start":{"line":2,"column":1936},"end":{"line":2,"column":1387}}},"7":{"name":"(anonymous_7)","decl":{"start":{"line":2,"column":2161},"end":{"line":2,"column":2169}},"loc":{"start":{"line":2,"column":2174},"end":{"line":2,"column":2161}}},"8":{"name":"(anonymous_8)","decl":{"start":{"line":2,"column":2188},"end":{"line":2,"column":2196}},"loc":{"start":{"line":2,"column":2201},"end":{"line":2,"column":2188}}}},"branchMap":{"0":{"loc":{"start":{"line":2,"column":1128},"end":{"line":2,"column":1386}},"type":"if","locations":[{"start":{"line":2,"column":1128},"end":{"line":2,"column":1386}},{"start":{"line":2,"column":1128},"end":{"line":2,"column":1386}}]},"1":{"loc":{"start":{"line":2,"column":1131},"end":{"line":2,"column":1133}},"type":"binary-expr","locations":[{"start":{"line":2,"column":1131},"end":{"line":2,"column":1133}},{"start":{"line":2,"column":1134},"end":{"line":2,"column":1128}}]},"2":{"loc":{"start":{"line":2,"column":1361},"end":{"line":2,"column":1369}},"type":"binary-expr","locations":[{"start":{"line":2,"column":1361},"end":{"line":2,"column":1369}},{"start":{"line":2,"column":1370},"end":{"line":2,"column":1361}}]},"3":{"loc":{"start":{"line":2,"column":1399},"end":{"line":2,"column":1886}},"type":"if","locations":[{"start":{"line":2,"column":1399},"end":{"line":2,"column":1886}},{"start":{"line":2,"column":1399},"end":{"line":2,"column":1886}}]},"4":{"loc":{"start":{"line":2,"column":1428},"end":{"line":2,"column":1399}},"type":"if","locations":[{"start":{"line":2,"column":1428},"end":{"line":2,"column":1399}},{"start":{"line":2,"column":1428},"end":{"line":2,"column":1399}}]},"5":{"loc":{"start":{"line":2,"column":1650},"end":{"line":2,"column":1649}},"type":"binary-expr","locations":[{"start":{"line":2,"column":1650},"end":{"line":2,"column":1649}},{"start":{"line":2,"column":1673},"end":{"line":2,"column":1650}}]},"6":{"loc":{"start":{"line":2,"column":1826},"end":{"line":2,"column":1825}},"type":"binary-expr","locations":[{"start":{"line":2,"column":1826},"end":{"line":2,"column":1825}},{"start":{"line":2,"column":1853},"end":{"line":2,"column":1826}}]},"7":{"loc":{"start":{"line":2,"column":1899},"end":{"line":2,"column":1902}},"type":"binary-expr","locations":[{"start":{"line":2,"column":1899},"end":{"line":2,"column":1902}},{"start":{"line":2,"column":1903},"end":{"line":2,"column":1899}}]},"8":{"loc":{"start":{"line":2,"column":1999},"end":{"line":2,"column":1998}},"type":"binary-expr","locations":[{"start":{"line":2,"column":1999},"end":{"line":2,"column":1998}},{"start":{"line":2,"column":2037},"end":{"line":2,"column":1998}}]},"9":{"loc":{"start":{"line":2,"column":2188},"end":{"line":2,"column":2175}},"type":"cond-expr","locations":[{"start":{"line":2,"column":2188},"end":{"line":2,"column":2175}},{"start":{"line":2,"column":2250},"end":{"line":2,"column":2175}}]}},"s":{"0":0,"1":0,"2":0,"3":0,"4":0,"5":0,"6":0,"7":0,"8":0,"9":0,"10":0,"11":0,"12":0,"13":0,"14":0,"15":0,"16":0,"17":0,"18":0,"19":0,"20":0,"21":0,"22":0,"23":0,"24":0},"f":{"0":0,"1":0,"2":0,"3":0,"4":0,"5":0,"6":0,"7":0,"8":0},"b":{"0":[0,0],"1":[0,0],"2":[0,0],"3":[0,0],"4":[0,0],"5":[0,0],"6":[0,0],"7":[0,0],"8":[0,0],"9":[0,0]}}
,"C:\\Users\\库里小情人\\Documents\\Tencent Files\\2064330975\\FileRecv\\嗨阅读\\GraduationProject\\book-manage\\src\\components\\Banner.vue": {"path":"C:\\Users\\库里小情人\\Documents\\Tencent Files\\2064330975\\FileRecv\\嗨阅读\\GraduationProject\\book-manage\\src\\components\\Banner.vue","statementMap":{"0":{"start":{"line":28,"column":0},"end":{"line":null,"column":-1}},"1":{"start":{"line":31,"column":0},"end":{"line":null,"column":-1}},"2":{"start":{"line":34,"column":0},"end":{"line":null,"column":-1}},"3":{"start":{"line":41,"column":0},"end":{"line":null,"column":-1}},"4":{"start":{"line":42,"column":0},"end":{"line":null,"column":-1}},"5":{"start":{"line":43,"column":0},"end":{"line":45,"column":0}},"6":{"start":{"line":44,"column":0},"end":{"line":null,"column":-1}},"7":{"start":{"line":46,"column":0},"end":{"line":48,"column":0}},"8":{"start":{"line":47,"column":0},"end":{"line":null,"column":-1}},"9":{"start":{"line":49,"column":0},"end":{"line":51,"column":0}},"10":{"start":{"line":50,"column":0},"end":{"line":null,"column":-1}},"11":{"start":{"line":54,"column":0},"end":{"line":null,"column":-1}},"12":{"start":{"line":55,"column":0},"end":{"line":null,"column":-1}}},"fnMap":{"0":{"name":"created","decl":{"start":{"line":27,"column":0},"end":{"line":null,"column":-1}},"loc":{"start":{"line":27,"column":0},"end":{"line":29,"column":0}}},"1":{"name":"destroyed","decl":{"start":{"line":30,"column":0},"end":{"line":null,"column":-1}},"loc":{"start":{"line":30,"column":0},"end":{"line":32,"column":0}}},"2":{"name":"data","decl":{"start":{"line":33,"column":0},"end":{"line":null,"column":-1}},"loc":{"start":{"line":33,"column":0},"end":{"line":39,"column":0}}},"3":{"name":"autoStart","decl":{"start":{"line":41,"column":0},"end":{"line":null,"column":-1}},"loc":{"start":{"line":41,"column":0},"end":{"line":52,"column":0}}},"4":{"name":"(anonymous_5)","decl":{"start":{"line":46,"column":0},"end":{"line":null,"column":-1}},"loc":{"start":{"line":46,"column":0},"end":{"line":48,"column":0}}},"5":{"name":"(anonymous_6)","decl":{"start":{"line":49,"column":0},"end":{"line":null,"column":-1}},"loc":{"start":{"line":49,"column":0},"end":{"line":51,"column":0}}},"6":{"name":"autoStop","decl":{"start":{"line":53,"column":0},"end":{"line":null,"column":-1}},"loc":{"start":{"line":53,"column":0},"end":{"line":56,"column":0}}}},"branchMap":{"0":{"loc":{"start":{"line":43,"column":0},"end":{"line":45,"column":0}},"type":"if","locations":[{"start":{"line":43,"column":0},"end":{"line":45,"column":0}},{"start":{"line":43,"column":0},"end":{"line":45,"column":0}}]}},"s":{"0":0,"1":0,"2":0,"3":0,"4":0,"5":0,"6":0,"7":0,"8":0,"9":0,"10":0,"11":0,"12":0},"f":{"0":0,"1":0,"2":0,"3":0,"4":0,"5":0,"6":0},"b":{"0":[0,0]}}
,"C:\\Users\\库里小情人\\Documents\\Tencent Files\\2064330975\\FileRecv\\嗨阅读\\GraduationProject\\book-manage\\src\\components\\Home.vue": {"path":"C:\\Users\\库里小情人\\Documents\\Tencent Files\\2064330975\\FileRecv\\嗨阅读\\GraduationProject\\book-manage\\src\\components\\Home.vue","statementMap":{"0":{"start":{"line":12,"column":0},"end":{"line":null,"column":-1}},"1":{"start":{"line":13,"column":0},"end":{"line":null,"column":-1}},"2":{"start":{"line":14,"column":0},"end":{"line":null,"column":-1}},"3":{"start":{"line":22,"column":0},"end":{"line":null,"column":-1}},"4":{"start":{"line":27,"column":0},"end":{"line":null,"column":-1}},"5":{"start":{"line":29,"column":0},"end":{"line":34,"column":0}},"6":{"start":{"line":30,"column":0},"end":{"line":null,"column":-1}},"7":{"start":{"line":33,"column":0},"end":{"line":null,"column":-1}}},"fnMap":{"0":{"name":"data","decl":{"start":{"line":21,"column":0},"end":{"line":null,"column":-1}},"loc":{"start":{"line":21,"column":0},"end":{"line":26,"column":0}}},"1":{"name":"created","decl":{"start":{"line":27,"column":0},"end":{"line":null,"column":-1}},"loc":{"start":{"line":27,"column":0},"end":{"line":35,"column":0}}},"2":{"name":"(anonymous_4)","decl":{"start":{"line":29,"column":0},"end":{"line":null,"column":-1}},"loc":{"start":{"line":29,"column":0},"end":{"line":31,"column":0}}},"3":{"name":"(anonymous_5)","decl":{"start":{"line":31,"column":0},"end":{"line":null,"column":-1}},"loc":{"start":{"line":31,"column":0},"end":{"line":34,"column":0}}}},"branchMap":{},"s":{"0":0,"1":0,"2":0,"3":0,"4":0,"5":0,"6":0,"7":0},"f":{"0":0,"1":0,"2":0,"3":0},"b":{}}
,"C:\\Users\\库里小情人\\Documents\\Tencent Files\\2064330975\\FileRecv\\嗨阅读\\GraduationProject\\book-manage\\src\\components\\TheAside.vue": {"path":"C:\\Users\\库里小情人\\Documents\\Tencent Files\\2064330975\\FileRecv\\嗨阅读\\GraduationProject\\book-manage\\src\\components\\TheAside.vue","statementMap":{"0":{"start":{"line":26,"column":0},"end":{"line":null,"column":-1}},"1":{"start":{"line":29,"column":0},"end":{"line":null,"column":-1}},"2":{"start":{"line":54,"column":0},"end":{"line":null,"column":-1}},"3":{"start":{"line":57,"column":0},"end":{"line":null,"column":-1}},"4":{"start":{"line":59,"column":0},"end":{"line":64,"column":0}},"5":{"start":{"line":60,"column":0},"end":{"line":null,"column":-1}},"6":{"start":{"line":63,"column":0},"end":{"line":null,"column":-1}}},"fnMap":{"0":{"name":"data","decl":{"start":{"line":28,"column":0},"end":{"line":null,"column":-1}},"loc":{"start":{"line":28,"column":0},"end":{"line":51,"column":0}}},"1":{"name":"onRoutes","decl":{"start":{"line":53,"column":0},"end":{"line":null,"column":-1}},"loc":{"start":{"line":53,"column":0},"end":{"line":55,"column":0}}},"2":{"name":"created","decl":{"start":{"line":57,"column":0},"end":{"line":null,"column":-1}},"loc":{"start":{"line":57,"column":0},"end":{"line":65,"column":0}}},"3":{"name":"(anonymous_5)","decl":{"start":{"line":59,"column":0},"end":{"line":null,"column":-1}},"loc":{"start":{"line":59,"column":0},"end":{"line":61,"column":0}}},"4":{"name":"(anonymous_6)","decl":{"start":{"line":61,"column":0},"end":{"line":null,"column":-1}},"loc":{"start":{"line":61,"column":0},"end":{"line":64,"column":0}}}},"branchMap":{},"s":{"0":0,"1":0,"2":0,"3":0,"4":0,"5":0,"6":0},"f":{"0":0,"1":0,"2":0,"3":0,"4":0},"b":{}}
,"C:\\Users\\库里小情人\\Documents\\Tencent Files\\2064330975\\FileRecv\\嗨阅读\\GraduationProject\\book-manage\\src\\components\\TheHeader.vue": {"path":"C:\\Users\\库里小情人\\Documents\\Tencent Files\\2064330975\\FileRecv\\嗨阅读\\GraduationProject\\book-manage\\src\\components\\TheHeader.vue","statementMap":{"0":{"start":{"line":48,"column":0},"end":{"line":null,"column":-1}},"1":{"start":{"line":51,"column":0},"end":{"line":null,"column":-1}},"2":{"start":{"line":66,"column":0},"end":{"line":null,"column":-1}},"3":{"start":{"line":72,"column":0},"end":{"line":null,"column":-1}},"4":{"start":{"line":73,"column":0},"end":{"line":null,"column":-1}},"5":{"start":{"line":77,"column":0},"end":{"line":98,"column":0}},"6":{"start":{"line":78,"column":0},"end":{"line":86,"column":0}},"7":{"start":{"line":79,"column":0},"end":{"line":null,"column":-1}},"8":{"start":{"line":80,"column":0},"end":{"line":86,"column":0}},"9":{"start":{"line":81,"column":0},"end":{"line":null,"column":-1}},"10":{"start":{"line":82,"column":0},"end":{"line":86,"column":0}},"11":{"start":{"line":83,"column":0},"end":{"line":null,"column":-1}},"12":{"start":{"line":84,"column":0},"end":{"line":86,"column":0}},"13":{"start":{"line":85,"column":0},"end":{"line":null,"column":-1}},"14":{"start":{"line":88,"column":0},"end":{"line":null,"column":-1}},"15":{"start":{"line":89,"column":0},"end":{"line":97,"column":0}},"16":{"start":{"line":90,"column":0},"end":{"line":null,"column":-1}},"17":{"start":{"line":91,"column":0},"end":{"line":97,"column":0}},"18":{"start":{"line":92,"column":0},"end":{"line":null,"column":-1}},"19":{"start":{"line":93,"column":0},"end":{"line":97,"column":0}},"20":{"start":{"line":94,"column":0},"end":{"line":null,"column":-1}},"21":{"start":{"line":95,"column":0},"end":{"line":97,"column":0}},"22":{"start":{"line":96,"column":0},"end":{"line":null,"column":-1}},"23":{"start":{"line":99,"column":0},"end":{"line":null,"column":-1}},"24":{"start":{"line":102,"column":0},"end":{"line":105,"column":0}},"25":{"start":{"line":103,"column":0},"end":{"line":null,"column":-1}},"26":{"start":{"line":104,"column":0},"end":{"line":null,"column":-1}},"27":{"start":{"line":108,"column":0},"end":{"line":null,"column":-1}},"28":{"start":{"line":109,"column":0},"end":{"line":null,"column":-1}},"29":{"start":{"line":112,"column":0},"end":{"line":null,"column":-1}},"30":{"start":{"line":113,"column":0},"end":{"line":null,"column":-1}}},"fnMap":{"0":{"name":"data","decl":{"start":{"line":50,"column":0},"end":{"line":null,"column":-1}},"loc":{"start":{"line":50,"column":0},"end":{"line":63,"column":0}}},"1":{"name":"userName","decl":{"start":{"line":65,"column":0},"end":{"line":null,"column":-1}},"loc":{"start":{"line":65,"column":0},"end":{"line":67,"column":0}}},"2":{"name":"collapseChange","decl":{"start":{"line":71,"column":0},"end":{"line":null,"column":-1}},"loc":{"start":{"line":71,"column":0},"end":{"line":74,"column":0}}},"3":{"name":"handleFullScreen","decl":{"start":{"line":76,"column":0},"end":{"line":null,"column":-1}},"loc":{"start":{"line":76,"column":0},"end":{"line":100,"column":0}}},"4":{"name":"handleCommand","decl":{"start":{"line":101,"column":0},"end":{"line":null,"column":-1}},"loc":{"start":{"line":101,"column":0},"end":{"line":106,"column":0}}},"5":{"name":"setLang","decl":{"start":{"line":107,"column":0},"end":{"line":null,"column":-1}},"loc":{"start":{"line":107,"column":0},"end":{"line":110,"column":0}}},"6":{"name":"changTheme","decl":{"start":{"line":111,"column":0},"end":{"line":null,"column":-1}},"loc":{"start":{"line":111,"column":0},"end":{"line":114,"column":0}}}},"branchMap":{"0":{"loc":{"start":{"line":77,"column":0},"end":{"line":98,"column":0}},"type":"if","locations":[{"start":{"line":77,"column":0},"end":{"line":98,"column":0}},{"start":{"line":77,"column":0},"end":{"line":98,"column":0}}]},"1":{"loc":{"start":{"line":78,"column":0},"end":{"line":86,"column":0}},"type":"if","locations":[{"start":{"line":78,"column":0},"end":{"line":86,"column":0}},{"start":{"line":78,"column":0},"end":{"line":86,"column":0}}]},"2":{"loc":{"start":{"line":80,"column":0},"end":{"line":86,"column":0}},"type":"if","locations":[{"start":{"line":80,"column":0},"end":{"line":86,"column":0}},{"start":{"line":80,"column":0},"end":{"line":86,"column":0}}]},"3":{"loc":{"start":{"line":82,"column":0},"end":{"line":86,"column":0}},"type":"if","locations":[{"start":{"line":82,"column":0},"end":{"line":86,"column":0}},{"start":{"line":82,"column":0},"end":{"line":86,"column":0}}]},"4":{"loc":{"start":{"line":84,"column":0},"end":{"line":86,"column":0}},"type":"if","locations":[{"start":{"line":84,"column":0},"end":{"line":86,"column":0}},{"start":{"line":84,"column":0},"end":{"line":86,"column":0}}]},"5":{"loc":{"start":{"line":89,"column":0},"end":{"line":97,"column":0}},"type":"if","locations":[{"start":{"line":89,"column":0},"end":{"line":97,"column":0}},{"start":{"line":89,"column":0},"end":{"line":97,"column":0}}]},"6":{"loc":{"start":{"line":91,"column":0},"end":{"line":97,"column":0}},"type":"if","locations":[{"start":{"line":91,"column":0},"end":{"line":97,"column":0}},{"start":{"line":91,"column":0},"end":{"line":97,"column":0}}]},"7":{"loc":{"start":{"line":93,"column":0},"end":{"line":97,"column":0}},"type":"if","locations":[{"start":{"line":93,"column":0},"end":{"line":97,"column":0}},{"start":{"line":93,"column":0},"end":{"line":97,"column":0}}]},"8":{"loc":{"start":{"line":95,"column":0},"end":{"line":97,"column":0}},"type":"if","locations":[{"start":{"line":95,"column":0},"end":{"line":97,"column":0}},{"start":{"line":95,"column":0},"end":{"line":97,"column":0}}]},"9":{"loc":{"start":{"line":102,"column":0},"end":{"line":105,"column":0}},"type":"if","locations":[{"start":{"line":102,"column":0},"end":{"line":105,"column":0}},{"start":{"line":102,"column":0},"end":{"line":105,"column":0}}]}},"s":{"0":0,"1":0,"2":0,"3":0,"4":0,"5":0,"6":0,"7":0,"8":0,"9":0,"10":0,"11":0,"12":0,"13":0,"14":0,"15":0,"16":0,"17":0,"18":0,"19":0,"20":0,"21":0,"22":0,"23":0,"24":0,"25":0,"26":0,"27":0,"28":0,"29":0,"30":0},"f":{"0":0,"1":0,"2":0,"3":0,"4":0,"5":0,"6":0},"b":{"0":[0,0],"1":[0,0],"2":[0,0],"3":[0,0],"4":[0,0],"5":[0,0],"6":[0,0],"7":[0,0],"8":[0,0],"9":[0,0]}}
,"C:\\Users\\库里小情人\\Documents\\Tencent Files\\2064330975\\FileRecv\\嗨阅读\\GraduationProject\\book-manage\\src\\mixins\\index.js": {"path":"C:\\Users\\库里小情人\\Documents\\Tencent Files\\2064330975\\FileRecv\\嗨阅读\\GraduationProject\\book-manage\\src\\mixins\\index.js","statementMap":{"0":{"start":{"line":1,"column":13},"end":{"line":1,"column":7}},"1":{"start":{"line":5,"column":12},"end":{"line":null,"column":-1}},"2":{"start":{"line":12,"column":12},"end":{"line":null,"column":-1}},"3":{"start":{"line":16,"column":12},"end":{"line":18,"column":13}},"4":{"start":{"line":17,"column":16},"end":{"line":null,"column":-1}},"5":{"start":{"line":19,"column":12},"end":{"line":21,"column":13}},"6":{"start":{"line":20,"column":16},"end":{"line":null,"column":-1}},"7":{"start":{"line":22,"column":12},"end":{"line":24,"column":13}},"8":{"start":{"line":23,"column":16},"end":{"line":null,"column":-1}},"9":{"start":{"line":25,"column":12},"end":{"line":27,"column":13}},"10":{"start":{"line":26,"column":16},"end":{"line":null,"column":-1}},"11":{"start":{"line":27,"column":13},"end":{"line":null,"column":-1}},"12":{"start":{"line":28,"column":12},"end":{"line":null,"column":-1}},"13":{"start":{"line":32,"column":12},"end":{"line":null,"column":-1}},"14":{"start":{"line":36,"column":27},"end":{"line":36,"column":12}},"15":{"start":{"line":37,"column":12},"end":{"line":40,"column":13}},"16":{"start":{"line":38,"column":16},"end":{"line":null,"column":-1}},"17":{"start":{"line":39,"column":16},"end":{"line":null,"column":-1}},"18":{"start":{"line":41,"column":28},"end":{"line":41,"column":12}},"19":{"start":{"line":42,"column":12},"end":{"line":45,"column":13}},"20":{"start":{"line":43,"column":16},"end":{"line":null,"column":-1}},"21":{"start":{"line":44,"column":16},"end":{"line":null,"column":-1}},"22":{"start":{"line":46,"column":12},"end":{"line":null,"column":-1}},"23":{"start":{"line":50,"column":24},"end":{"line":50,"column":12}},"24":{"start":{"line":51,"column":12},"end":{"line":62,"column":13}},"25":{"start":{"line":52,"column":16},"end":{"line":null,"column":-1}},"26":{"start":{"line":53,"column":16},"end":{"line":null,"column":-1}},"27":{"start":{"line":58,"column":16},"end":{"line":null,"column":-1}},"28":{"start":{"line":66,"column":12},"end":{"line":null,"column":-1}},"29":{"start":{"line":67,"column":12},"end":{"line":null,"column":-1}},"30":{"start":{"line":71,"column":12},"end":{"line":null,"column":-1}},"31":{"start":{"line":74,"column":16},"end":{"line":null,"column":-1}},"32":{"start":{"line":75,"column":12},"end":{"line":74,"column":16}},"33":{"start":{"line":75,"column":51},"end":{"line":null,"column":-1}},"34":{"start":{"line":76,"column":16},"end":{"line":null,"column":-1}},"35":{"start":{"line":77,"column":16},"end":{"line":null,"column":-1}},"36":{"start":{"line":79,"column":12},"end":{"line":null,"column":-1}}},"fnMap":{"0":{"name":"notify","decl":{"start":{"line":2,"column":12},"end":{"line":4,"column":14}},"loc":{"start":{"line":4,"column":26},"end":{"line":2,"column":12}}},"1":{"name":"getUrl","decl":{"start":{"line":2,"column":12},"end":{"line":11,"column":14}},"loc":{"start":{"line":11,"column":19},"end":{"line":2,"column":12}}},"2":{"name":"changeSex","decl":{"start":{"line":2,"column":12},"end":{"line":15,"column":17}},"loc":{"start":{"line":15,"column":24},"end":{"line":2,"column":12}}},"3":{"name":"attachBirth","decl":{"start":{"line":2,"column":12},"end":{"line":31,"column":19}},"loc":{"start":{"line":31,"column":24},"end":{"line":2,"column":12}}},"4":{"name":"beforeAvatorUpload","decl":{"start":{"line":2,"column":12},"end":{"line":35,"column":26}},"loc":{"start":{"line":35,"column":32},"end":{"line":2,"column":12}}},"5":{"name":"handleAvatorSuccess","decl":{"start":{"line":2,"column":12},"end":{"line":49,"column":27}},"loc":{"start":{"line":49,"column":32},"end":{"line":2,"column":12}}},"6":{"name":"handleDelete","decl":{"start":{"line":2,"column":12},"end":{"line":65,"column":20}},"loc":{"start":{"line":65,"column":24},"end":{"line":2,"column":12}}},"7":{"name":"handleSelectionChange","decl":{"start":{"line":2,"column":12},"end":{"line":70,"column":29}},"loc":{"start":{"line":70,"column":34},"end":{"line":2,"column":12}}},"8":{"name":"delAll","decl":{"start":{"line":2,"column":12},"end":{"line":74,"column":15}},"loc":{"start":{"line":74,"column":16},"end":{"line":2,"column":12}}}},"branchMap":{"0":{"loc":{"start":{"line":16,"column":12},"end":{"line":18,"column":13}},"type":"if","locations":[{"start":{"line":16,"column":12},"end":{"line":18,"column":13}},{"start":{"line":16,"column":12},"end":{"line":18,"column":13}}]},"1":{"loc":{"start":{"line":19,"column":12},"end":{"line":21,"column":13}},"type":"if","locations":[{"start":{"line":19,"column":12},"end":{"line":21,"column":13}},{"start":{"line":19,"column":12},"end":{"line":21,"column":13}}]},"2":{"loc":{"start":{"line":22,"column":12},"end":{"line":24,"column":13}},"type":"if","locations":[{"start":{"line":22,"column":12},"end":{"line":24,"column":13}},{"start":{"line":22,"column":12},"end":{"line":24,"column":13}}]},"3":{"loc":{"start":{"line":25,"column":12},"end":{"line":27,"column":13}},"type":"if","locations":[{"start":{"line":25,"column":12},"end":{"line":27,"column":13}},{"start":{"line":25,"column":12},"end":{"line":27,"column":13}}]},"4":{"loc":{"start":{"line":36,"column":27},"end":{"line":36,"column":26}},"type":"binary-expr","locations":[{"start":{"line":36,"column":27},"end":{"line":36,"column":26}},{"start":{"line":36,"column":57},"end":{"line":36,"column":12}}]},"5":{"loc":{"start":{"line":37,"column":12},"end":{"line":40,"column":13}},"type":"if","locations":[{"start":{"line":37,"column":12},"end":{"line":40,"column":13}},{"start":{"line":37,"column":12},"end":{"line":40,"column":13}}]},"6":{"loc":{"start":{"line":42,"column":12},"end":{"line":45,"column":13}},"type":"if","locations":[{"start":{"line":42,"column":12},"end":{"line":45,"column":13}},{"start":{"line":42,"column":12},"end":{"line":45,"column":13}}]},"7":{"loc":{"start":{"line":51,"column":12},"end":{"line":62,"column":13}},"type":"if","locations":[{"start":{"line":51,"column":12},"end":{"line":62,"column":13}},{"start":{"line":51,"column":12},"end":{"line":62,"column":13}}]},"8":{"loc":{"start":{"line":74,"column":16},"end":{"line":null,"column":-1}},"type":"if","locations":[{"start":{"line":74,"column":16},"end":{"line":null,"column":-1}},{"start":{"line":74,"column":16},"end":{"line":null,"column":-1}}]}},"s":{"0":0,"1":0,"2":0,"3":0,"4":0,"5":0,"6":0,"7":0,"8":0,"9":0,"10":0,"11":0,"12":0,"13":0,"14":0,"15":0,"16":0,"17":0,"18":0,"19":0,"20":0,"21":0,"22":0,"23":0,"24":0,"25":0,"26":0,"27":0,"28":0,"29":0,"30":0,"31":0,"32":0,"33":0,"34":0,"35":0,"36":0},"f":{"0":0,"1":0,"2":0,"3":0,"4":0,"5":0,"6":0,"7":0,"8":0},"b":{"0":[0,0],"1":[0,0],"2":[0,0],"3":[0,0],"4":[0,0],"5":[0,0],"6":[0,0],"7":[0,0],"8":[0,0]}}
,"C:\\Users\\库里小情人\\Documents\\Tencent Files\\2064330975\\FileRecv\\嗨阅读\\GraduationProject\\book-manage\\src\\pages\\BookPage.vue": {"path":"C:\\Users\\库里小情人\\Documents\\Tencent Files\\2064330975\\FileRecv\\嗨阅读\\GraduationProject\\book-manage\\src\\pages\\BookPage.vue","statementMap":{"0":{"start":{"line":102,"column":0},"end":{"line":null,"column":-1}},"1":{"start":{"line":103,"column":0},"end":{"line":null,"column":-1}},"2":{"start":{"line":107,"column":0},"end":{"line":null,"column":-1}},"3":{"start":{"line":137,"column":0},"end":{"line":null,"column":-1}},"4":{"start":{"line":142,"column":0},"end":{"line":151,"column":0}},"5":{"start":{"line":143,"column":0},"end":{"line":null,"column":-1}},"6":{"start":{"line":145,"column":0},"end":{"line":null,"column":-1}},"7":{"start":{"line":144,"column":0},"end":{"line":null,"column":-1}},"8":{"start":{"line":146,"column":0},"end":{"line":150,"column":0}},"9":{"start":{"line":146,"column":0},"end":{"line":null,"column":-1}},"10":{"start":{"line":147,"column":0},"end":{"line":149,"column":0}},"11":{"start":{"line":148,"column":0},"end":{"line":null,"column":-1}},"12":{"start":{"line":155,"column":0},"end":{"line":null,"column":-1}},"13":{"start":{"line":156,"column":0},"end":{"line":null,"column":-1}},"14":{"start":{"line":157,"column":0},"end":{"line":null,"column":-1}},"15":{"start":{"line":161,"column":0},"end":{"line":null,"column":-1}},"16":{"start":{"line":162,"column":0},"end":{"line":null,"column":-1}},"17":{"start":{"line":163,"column":0},"end":{"line":null,"column":-1}},"18":{"start":{"line":164,"column":0},"end":{"line":167,"column":0}},"19":{"start":{"line":165,"column":0},"end":{"line":null,"column":-1}},"20":{"start":{"line":166,"column":0},"end":{"line":null,"column":-1}},"21":{"start":{"line":170,"column":0},"end":{"line":null,"column":-1}},"22":{"start":{"line":171,"column":0},"end":{"line":null,"column":-1}},"23":{"start":{"line":172,"column":0},"end":{"line":null,"column":-1}},"24":{"start":{"line":173,"column":0},"end":{"line":null,"column":-1}},"25":{"start":{"line":174,"column":0},"end":{"line":null,"column":-1}},"26":{"start":{"line":175,"column":0},"end":{"line":null,"column":-1}},"27":{"start":{"line":176,"column":0},"end":{"line":null,"column":-1}},"28":{"start":{"line":177,"column":0},"end":{"line":188,"column":0}},"29":{"start":{"line":179,"column":0},"end":{"line":184,"column":0}},"30":{"start":{"line":180,"column":0},"end":{"line":null,"column":-1}},"31":{"start":{"line":181,"column":0},"end":{"line":null,"column":-1}},"32":{"start":{"line":183,"column":0},"end":{"line":null,"column":-1}},"33":{"start":{"line":187,"column":0},"end":{"line":null,"column":-1}},"34":{"start":{"line":189,"column":0},"end":{"line":null,"column":-1}},"35":{"start":{"line":193,"column":0},"end":{"line":null,"column":-1}},"36":{"start":{"line":197,"column":0},"end":{"line":null,"column":-1}},"37":{"start":{"line":200,"column":0},"end":{"line":null,"column":-1}},"38":{"start":{"line":204,"column":0},"end":{"line":null,"column":-1}},"39":{"start":{"line":205,"column":0},"end":{"line":null,"column":-1}},"40":{"start":{"line":213,"column":0},"end":{"line":null,"column":-1}},"41":{"start":{"line":214,"column":0},"end":{"line":null,"column":-1}},"42":{"start":{"line":215,"column":0},"end":{"line":null,"column":-1}},"43":{"start":{"line":216,"column":0},"end":{"line":null,"column":-1}},"44":{"start":{"line":217,"column":0},"end":{"line":null,"column":-1}},"45":{"start":{"line":218,"column":0},"end":{"line":null,"column":-1}},"46":{"start":{"line":219,"column":0},"end":{"line":230,"column":0}},"47":{"start":{"line":221,"column":0},"end":{"line":226,"column":0}},"48":{"start":{"line":222,"column":0},"end":{"line":null,"column":-1}},"49":{"start":{"line":223,"column":0},"end":{"line":null,"column":-1}},"50":{"start":{"line":225,"column":0},"end":{"line":null,"column":-1}},"51":{"start":{"line":229,"column":0},"end":{"line":null,"column":-1}},"52":{"start":{"line":231,"column":0},"end":{"line":null,"column":-1}},"53":{"start":{"line":234,"column":0},"end":{"line":null,"column":-1}},"54":{"start":{"line":235,"column":0},"end":{"line":246,"column":0}},"55":{"start":{"line":237,"column":0},"end":{"line":242,"column":0}},"56":{"start":{"line":238,"column":0},"end":{"line":null,"column":-1}},"57":{"start":{"line":239,"column":0},"end":{"line":null,"column":-1}},"58":{"start":{"line":241,"column":0},"end":{"line":null,"column":-1}},"59":{"start":{"line":245,"column":0},"end":{"line":null,"column":-1}},"60":{"start":{"line":247,"column":0},"end":{"line":null,"column":-1}},"61":{"start":{"line":251,"column":0},"end":{"line":null,"column":-1}}},"fnMap":{"0":{"name":"data","decl":{"start":{"line":106,"column":0},"end":{"line":null,"column":-1}},"loc":{"start":{"line":106,"column":0},"end":{"line":133,"column":0}}},"1":{"name":"data","decl":{"start":{"line":136,"column":0},"end":{"line":null,"column":-1}},"loc":{"start":{"line":136,"column":0},"end":{"line":138,"column":0}}},"2":{"name":"select_word","decl":{"start":{"line":141,"column":0},"end":{"line":null,"column":-1}},"loc":{"start":{"line":141,"column":0},"end":{"line":152,"column":0}}},"3":{"name":"created","decl":{"start":{"line":154,"column":0},"end":{"line":null,"column":-1}},"loc":{"start":{"line":154,"column":0},"end":{"line":158,"column":0}}},"4":{"name":"getData","decl":{"start":{"line":161,"column":0},"end":{"line":null,"column":-1}},"loc":{"start":{"line":161,"column":0},"end":{"line":168,"column":0}}},"5":{"name":"(anonymous_7)","decl":{"start":{"line":164,"column":0},"end":{"line":null,"column":-1}},"loc":{"start":{"line":164,"column":0},"end":{"line":167,"column":0}}},"6":{"name":"addBook","decl":{"start":{"line":170,"column":0},"end":{"line":null,"column":-1}},"loc":{"start":{"line":170,"column":0},"end":{"line":190,"column":0}}},"7":{"name":"(anonymous_9)","decl":{"start":{"line":177,"column":0},"end":{"line":null,"column":-1}},"loc":{"start":{"line":177,"column":0},"end":{"line":185,"column":0}}},"8":{"name":"(anonymous_10)","decl":{"start":{"line":185,"column":0},"end":{"line":null,"column":-1}},"loc":{"start":{"line":185,"column":0},"end":{"line":188,"column":0}}},"9":{"name":"uploadUrl","decl":{"start":{"line":192,"column":0},"end":{"line":null,"column":-1}},"loc":{"start":{"line":192,"column":0},"end":{"line":194,"column":0}}},"10":{"name":"handleCurrentChange","decl":{"start":{"line":196,"column":0},"end":{"line":null,"column":-1}},"loc":{"start":{"line":196,"column":0},"end":{"line":198,"column":0}}},"11":{"name":"handleSizeChange","decl":{"start":{"line":199,"column":0},"end":{"line":null,"column":-1}},"loc":{"start":{"line":199,"column":0},"end":{"line":201,"column":0}}},"12":{"name":"handleEdit","decl":{"start":{"line":203,"column":0},"end":{"line":null,"column":-1}},"loc":{"start":{"line":203,"column":0},"end":{"line":211,"column":0}}},"13":{"name":"editSave","decl":{"start":{"line":213,"column":0},"end":{"line":null,"column":-1}},"loc":{"start":{"line":213,"column":0},"end":{"line":232,"column":0}}},"14":{"name":"(anonymous_16)","decl":{"start":{"line":219,"column":0},"end":{"line":null,"column":-1}},"loc":{"start":{"line":219,"column":0},"end":{"line":227,"column":0}}},"15":{"name":"(anonymous_17)","decl":{"start":{"line":227,"column":0},"end":{"line":null,"column":-1}},"loc":{"start":{"line":227,"column":0},"end":{"line":230,"column":0}}},"16":{"name":"deleteRow","decl":{"start":{"line":234,"column":0},"end":{"line":null,"column":-1}},"loc":{"start":{"line":234,"column":0},"end":{"line":248,"column":0}}},"17":{"name":"(anonymous_19)","decl":{"start":{"line":235,"column":0},"end":{"line":null,"column":-1}},"loc":{"start":{"line":235,"column":0},"end":{"line":243,"column":0}}},"18":{"name":"(anonymous_20)","decl":{"start":{"line":243,"column":0},"end":{"line":null,"column":-1}},"loc":{"start":{"line":243,"column":0},"end":{"line":246,"column":0}}},"19":{"name":"directoryEdit","decl":{"start":{"line":250,"column":0},"end":{"line":null,"column":-1}},"loc":{"start":{"line":250,"column":0},"end":{"line":252,"column":0}}}},"branchMap":{"0":{"loc":{"start":{"line":142,"column":0},"end":{"line":151,"column":0}},"type":"if","locations":[{"start":{"line":142,"column":0},"end":{"line":151,"column":0}},{"start":{"line":142,"column":0},"end":{"line":151,"column":0}}]},"1":{"loc":{"start":{"line":147,"column":0},"end":{"line":149,"column":0}},"type":"if","locations":[{"start":{"line":147,"column":0},"end":{"line":149,"column":0}},{"start":{"line":147,"column":0},"end":{"line":149,"column":0}}]},"2":{"loc":{"start":{"line":144,"column":0},"end":{"line":null,"column":-1}},"type":"if","locations":[{"start":{"line":144,"column":0},"end":{"line":null,"column":-1}},{"start":{"line":144,"column":0},"end":{"line":null,"column":-1}}]},"3":{"loc":{"start":{"line":179,"column":0},"end":{"line":184,"column":0}},"type":"if","locations":[{"start":{"line":179,"column":0},"end":{"line":184,"column":0}},{"start":{"line":179,"column":0},"end":{"line":184,"column":0}}]},"4":{"loc":{"start":{"line":221,"column":0},"end":{"line":226,"column":0}},"type":"if","locations":[{"start":{"line":221,"column":0},"end":{"line":226,"column":0}},{"start":{"line":221,"column":0},"end":{"line":226,"column":0}}]},"5":{"loc":{"start":{"line":237,"column":0},"end":{"line":242,"column":0}},"type":"if","locations":[{"start":{"line":237,"column":0},"end":{"line":242,"column":0}},{"start":{"line":237,"column":0},"end":{"line":242,"column":0}}]}},"s":{"0":0,"1":0,"2":0,"3":0,"4":0,"5":0,"6":0,"7":0,"8":0,"9":0,"10":0,"11":0,"12":0,"13":0,"14":0,"15":0,"16":0,"17":0,"18":0,"19":0,"20":0,"21":0,"22":0,"23":0,"24":0,"25":0,"26":0,"27":0,"28":0,"29":0,"30":0,"31":0,"32":0,"33":0,"34":0,"35":0,"36":0,"37":0,"38":0,"39":0,"40":0,"41":0,"42":0,"43":0,"44":0,"45":0,"46":0,"47":0,"48":0,"49":0,"50":0,"51":0,"52":0,"53":0,"54":0,"55":0,"56":0,"57":0,"58":0,"59":0,"60":0,"61":0},"f":{"0":0,"1":0,"2":0,"3":0,"4":0,"5":0,"6":0,"7":0,"8":0,"9":0,"10":0,"11":0,"12":0,"13":0,"14":0,"15":0,"16":0,"17":0,"18":0,"19":0},"b":{"0":[0,0],"1":[0,0],"2":[0,0],"3":[0,0],"4":[0,0],"5":[0,0]}}
,"C:\\Users\\库里小情人\\Documents\\Tencent Files\\2064330975\\FileRecv\\嗨阅读\\GraduationProject\\book-manage\\src\\pages\\CollectPage.vue": {"path":"C:\\Users\\库里小情人\\Documents\\Tencent Files\\2064330975\\FileRecv\\嗨阅读\\GraduationProject\\book-manage\\src\\pages\\CollectPage.vue","statementMap":{"0":{"start":{"line":30,"column":0},"end":{"line":null,"column":-1}},"1":{"start":{"line":31,"column":0},"end":{"line":null,"column":-1}},"2":{"start":{"line":37,"column":0},"end":{"line":null,"column":-1}},"3":{"start":{"line":49,"column":0},"end":{"line":58,"column":0}},"4":{"start":{"line":50,"column":0},"end":{"line":null,"column":-1}},"5":{"start":{"line":52,"column":0},"end":{"line":null,"column":-1}},"6":{"start":{"line":51,"column":0},"end":{"line":null,"column":-1}},"7":{"start":{"line":53,"column":0},"end":{"line":57,"column":0}},"8":{"start":{"line":53,"column":0},"end":{"line":null,"column":-1}},"9":{"start":{"line":54,"column":0},"end":{"line":56,"column":0}},"10":{"start":{"line":55,"column":0},"end":{"line":null,"column":-1}},"11":{"start":{"line":62,"column":0},"end":{"line":null,"column":-1}},"12":{"start":{"line":66,"column":0},"end":{"line":null,"column":-1}},"13":{"start":{"line":67,"column":0},"end":{"line":null,"column":-1}},"14":{"start":{"line":68,"column":0},"end":{"line":null,"column":-1}},"15":{"start":{"line":69,"column":0},"end":{"line":73,"column":0}},"16":{"start":{"line":69,"column":0},"end":{"line":null,"column":-1}},"17":{"start":{"line":70,"column":0},"end":{"line":72,"column":0}},"18":{"start":{"line":70,"column":0},"end":{"line":null,"column":-1}},"19":{"start":{"line":71,"column":0},"end":{"line":null,"column":-1}},"20":{"start":{"line":76,"column":0},"end":{"line":null,"column":-1}},"21":{"start":{"line":77,"column":0},"end":{"line":84,"column":0}},"22":{"start":{"line":79,"column":0},"end":{"line":null,"column":-1}},"23":{"start":{"line":80,"column":0},"end":{"line":null,"column":-1}},"24":{"start":{"line":83,"column":0},"end":{"line":null,"column":-1}},"25":{"start":{"line":87,"column":0},"end":{"line":null,"column":-1}},"26":{"start":{"line":88,"column":0},"end":{"line":99,"column":0}},"27":{"start":{"line":90,"column":0},"end":{"line":95,"column":0}},"28":{"start":{"line":91,"column":0},"end":{"line":null,"column":-1}},"29":{"start":{"line":92,"column":0},"end":{"line":null,"column":-1}},"30":{"start":{"line":94,"column":0},"end":{"line":null,"column":-1}},"31":{"start":{"line":98,"column":0},"end":{"line":null,"column":-1}},"32":{"start":{"line":100,"column":0},"end":{"line":null,"column":-1}},"33":{"start":{"line":103,"column":0},"end":{"line":null,"column":-1}},"34":{"start":{"line":104,"column":0},"end":{"line":107,"column":0}},"35":{"start":{"line":104,"column":0},"end":{"line":null,"column":-1}},"36":{"start":{"line":105,"column":0},"end":{"line":null,"column":-1}},"37":{"start":{"line":106,"column":0},"end":{"line":null,"column":-1}},"38":{"start":{"line":108,"column":0},"end":{"line":null,"column":-1}}},"fnMap":{"0":{"name":"data","decl":{"start":{"line":36,"column":0},"end":{"line":null,"column":-1}},"loc":{"start":{"line":36,"column":0},"end":{"line":45,"column":0}}},"1":{"name":"select_word","decl":{"start":{"line":48,"column":0},"end":{"line":null,"column":-1}},"loc":{"start":{"line":48,"column":0},"end":{"line":59,"column":0}}},"2":{"name":"created","decl":{"start":{"line":61,"column":0},"end":{"line":null,"column":-1}},"loc":{"start":{"line":61,"column":0},"end":{"line":63,"column":0}}},"3":{"name":"getData","decl":{"start":{"line":66,"column":0},"end":{"line":null,"column":-1}},"loc":{"start":{"line":66,"column":0},"end":{"line":74,"column":0}}},"4":{"name":"(anonymous_6)","decl":{"start":{"line":69,"column":0},"end":{"line":null,"column":-1}},"loc":{"start":{"line":69,"column":0},"end":{"line":73,"column":0}}},"5":{"name":"getSong","decl":{"start":{"line":76,"column":0},"end":{"line":null,"column":-1}},"loc":{"start":{"line":76,"column":0},"end":{"line":85,"column":0}}},"6":{"name":"(anonymous_8)","decl":{"start":{"line":77,"column":0},"end":{"line":null,"column":-1}},"loc":{"start":{"line":77,"column":0},"end":{"line":81,"column":0}}},"7":{"name":"(anonymous_9)","decl":{"start":{"line":81,"column":0},"end":{"line":null,"column":-1}},"loc":{"start":{"line":81,"column":0},"end":{"line":84,"column":0}}},"8":{"name":"deleteRow","decl":{"start":{"line":87,"column":0},"end":{"line":null,"column":-1}},"loc":{"start":{"line":87,"column":0},"end":{"line":101,"column":0}}},"9":{"name":"(anonymous_11)","decl":{"start":{"line":88,"column":0},"end":{"line":null,"column":-1}},"loc":{"start":{"line":88,"column":0},"end":{"line":96,"column":0}}},"10":{"name":"(anonymous_12)","decl":{"start":{"line":96,"column":0},"end":{"line":null,"column":-1}},"loc":{"start":{"line":96,"column":0},"end":{"line":99,"column":0}}},"11":{"name":"delAll","decl":{"start":{"line":103,"column":0},"end":{"line":null,"column":-1}},"loc":{"start":{"line":103,"column":0},"end":{"line":109,"column":0}}}},"branchMap":{"0":{"loc":{"start":{"line":49,"column":0},"end":{"line":58,"column":0}},"type":"if","locations":[{"start":{"line":49,"column":0},"end":{"line":58,"column":0}},{"start":{"line":49,"column":0},"end":{"line":58,"column":0}}]},"1":{"loc":{"start":{"line":54,"column":0},"end":{"line":56,"column":0}},"type":"if","locations":[{"start":{"line":54,"column":0},"end":{"line":56,"column":0}},{"start":{"line":54,"column":0},"end":{"line":56,"column":0}}]},"2":{"loc":{"start":{"line":51,"column":0},"end":{"line":null,"column":-1}},"type":"if","locations":[{"start":{"line":51,"column":0},"end":{"line":null,"column":-1}},{"start":{"line":51,"column":0},"end":{"line":null,"column":-1}}]},"3":{"loc":{"start":{"line":69,"column":0},"end":{"line":null,"column":-1}},"type":"if","locations":[{"start":{"line":69,"column":0},"end":{"line":null,"column":-1}},{"start":{"line":69,"column":0},"end":{"line":null,"column":-1}}]},"4":{"loc":{"start":{"line":90,"column":0},"end":{"line":95,"column":0}},"type":"if","locations":[{"start":{"line":90,"column":0},"end":{"line":95,"column":0}},{"start":{"line":90,"column":0},"end":{"line":95,"column":0}}]},"5":{"loc":{"start":{"line":103,"column":0},"end":{"line":null,"column":-1}},"type":"if","locations":[{"start":{"line":103,"column":0},"end":{"line":null,"column":-1}},{"start":{"line":103,"column":0},"end":{"line":null,"column":-1}}]}},"s":{"0":0,"1":0,"2":0,"3":0,"4":0,"5":0,"6":0,"7":0,"8":0,"9":0,"10":0,"11":0,"12":0,"13":0,"14":0,"15":0,"16":0,"17":0,"18":0,"19":0,"20":0,"21":0,"22":0,"23":0,"24":0,"25":0,"26":0,"27":0,"28":0,"29":0,"30":0,"31":0,"32":0,"33":0,"34":0,"35":0,"36":0,"37":0,"38":0},"f":{"0":0,"1":0,"2":0,"3":0,"4":0,"5":0,"6":0,"7":0,"8":0,"9":0,"10":0,"11":0},"b":{"0":[0,0],"1":[0,0],"2":[0,0],"3":[0,0],"4":[0,0],"5":[0,0]}}
,"C:\\Users\\库里小情人\\Documents\\Tencent Files\\2064330975\\FileRecv\\嗨阅读\\GraduationProject\\book-manage\\src\\pages\\ConsumerPage.vue": {"path":"C:\\Users\\库里小情人\\Documents\\Tencent Files\\2064330975\\FileRecv\\嗨阅读\\GraduationProject\\book-manage\\src\\pages\\ConsumerPage.vue","statementMap":{"0":{"start":{"line":147,"column":0},"end":{"line":null,"column":-1}},"1":{"start":{"line":148,"column":0},"end":{"line":null,"column":-1}},"2":{"start":{"line":152,"column":0},"end":{"line":null,"column":-1}},"3":{"start":{"line":210,"column":0},"end":{"line":null,"column":-1}},"4":{"start":{"line":216,"column":0},"end":{"line":225,"column":0}},"5":{"start":{"line":217,"column":0},"end":{"line":null,"column":-1}},"6":{"start":{"line":219,"column":0},"end":{"line":null,"column":-1}},"7":{"start":{"line":218,"column":0},"end":{"line":null,"column":-1}},"8":{"start":{"line":220,"column":0},"end":{"line":224,"column":0}},"9":{"start":{"line":220,"column":0},"end":{"line":null,"column":-1}},"10":{"start":{"line":221,"column":0},"end":{"line":223,"column":0}},"11":{"start":{"line":222,"column":0},"end":{"line":null,"column":-1}},"12":{"start":{"line":229,"column":0},"end":{"line":null,"column":-1}},"13":{"start":{"line":234,"column":0},"end":{"line":null,"column":-1}},"14":{"start":{"line":237,"column":0},"end":{"line":null,"column":-1}},"15":{"start":{"line":240,"column":0},"end":{"line":null,"column":-1}},"16":{"start":{"line":241,"column":0},"end":{"line":null,"column":-1}},"17":{"start":{"line":242,"column":0},"end":{"line":null,"column":-1}},"18":{"start":{"line":243,"column":0},"end":{"line":247,"column":0}},"19":{"start":{"line":244,"column":0},"end":{"line":null,"column":-1}},"20":{"start":{"line":245,"column":0},"end":{"line":null,"column":-1}},"21":{"start":{"line":246,"column":0},"end":{"line":null,"column":-1}},"22":{"start":{"line":250,"column":0},"end":{"line":null,"column":-1}},"23":{"start":{"line":251,"column":0},"end":{"line":279,"column":0}},"24":{"start":{"line":252,"column":0},"end":{"line":278,"column":0}},"25":{"start":{"line":253,"column":0},"end":{"line":null,"column":-1}},"26":{"start":{"line":254,"column":0},"end":{"line":null,"column":-1}},"27":{"start":{"line":255,"column":0},"end":{"line":null,"column":-1}},"28":{"start":{"line":256,"column":0},"end":{"line":null,"column":-1}},"29":{"start":{"line":257,"column":0},"end":{"line":null,"column":-1}},"30":{"start":{"line":258,"column":0},"end":{"line":null,"column":-1}},"31":{"start":{"line":259,"column":0},"end":{"line":null,"column":-1}},"32":{"start":{"line":260,"column":0},"end":{"line":null,"column":-1}},"33":{"start":{"line":261,"column":0},"end":{"line":null,"column":-1}},"34":{"start":{"line":262,"column":0},"end":{"line":null,"column":-1}},"35":{"start":{"line":263,"column":0},"end":{"line":null,"column":-1}},"36":{"start":{"line":264,"column":0},"end":{"line":null,"column":-1}},"37":{"start":{"line":265,"column":0},"end":{"line":276,"column":0}},"38":{"start":{"line":267,"column":0},"end":{"line":272,"column":0}},"39":{"start":{"line":268,"column":0},"end":{"line":null,"column":-1}},"40":{"start":{"line":269,"column":0},"end":{"line":null,"column":-1}},"41":{"start":{"line":271,"column":0},"end":{"line":null,"column":-1}},"42":{"start":{"line":275,"column":0},"end":{"line":null,"column":-1}},"43":{"start":{"line":277,"column":0},"end":{"line":null,"column":-1}},"44":{"start":{"line":284,"column":0},"end":{"line":null,"column":-1}},"45":{"start":{"line":285,"column":0},"end":{"line":null,"column":-1}},"46":{"start":{"line":298,"column":0},"end":{"line":null,"column":-1}},"47":{"start":{"line":299,"column":0},"end":{"line":328,"column":0}},"48":{"start":{"line":300,"column":0},"end":{"line":327,"column":0}},"49":{"start":{"line":301,"column":0},"end":{"line":null,"column":-1}},"50":{"start":{"line":302,"column":0},"end":{"line":null,"column":-1}},"51":{"start":{"line":303,"column":0},"end":{"line":null,"column":-1}},"52":{"start":{"line":304,"column":0},"end":{"line":null,"column":-1}},"53":{"start":{"line":305,"column":0},"end":{"line":null,"column":-1}},"54":{"start":{"line":306,"column":0},"end":{"line":null,"column":-1}},"55":{"start":{"line":307,"column":0},"end":{"line":null,"column":-1}},"56":{"start":{"line":308,"column":0},"end":{"line":null,"column":-1}},"57":{"start":{"line":309,"column":0},"end":{"line":null,"column":-1}},"58":{"start":{"line":310,"column":0},"end":{"line":null,"column":-1}},"59":{"start":{"line":311,"column":0},"end":{"line":null,"column":-1}},"60":{"start":{"line":312,"column":0},"end":{"line":null,"column":-1}},"61":{"start":{"line":314,"column":0},"end":{"line":325,"column":0}},"62":{"start":{"line":316,"column":0},"end":{"line":321,"column":0}},"63":{"start":{"line":317,"column":0},"end":{"line":null,"column":-1}},"64":{"start":{"line":318,"column":0},"end":{"line":null,"column":-1}},"65":{"start":{"line":320,"column":0},"end":{"line":null,"column":-1}},"66":{"start":{"line":324,"column":0},"end":{"line":null,"column":-1}},"67":{"start":{"line":326,"column":0},"end":{"line":null,"column":-1}},"68":{"start":{"line":332,"column":0},"end":{"line":null,"column":-1}},"69":{"start":{"line":335,"column":0},"end":{"line":null,"column":-1}},"70":{"start":{"line":336,"column":0},"end":{"line":347,"column":0}},"71":{"start":{"line":338,"column":0},"end":{"line":343,"column":0}},"72":{"start":{"line":339,"column":0},"end":{"line":null,"column":-1}},"73":{"start":{"line":340,"column":0},"end":{"line":null,"column":-1}},"74":{"start":{"line":342,"column":0},"end":{"line":null,"column":-1}},"75":{"start":{"line":346,"column":0},"end":{"line":null,"column":-1}},"76":{"start":{"line":348,"column":0},"end":{"line":null,"column":-1}},"77":{"start":{"line":352,"column":0},"end":{"line":null,"column":-1}}},"fnMap":{"0":{"name":"data","decl":{"start":{"line":151,"column":0},"end":{"line":null,"column":-1}},"loc":{"start":{"line":151,"column":0},"end":{"line":206,"column":0}}},"1":{"name":"data","decl":{"start":{"line":209,"column":0},"end":{"line":null,"column":-1}},"loc":{"start":{"line":209,"column":0},"end":{"line":211,"column":0}}},"2":{"name":"select_word","decl":{"start":{"line":215,"column":0},"end":{"line":null,"column":-1}},"loc":{"start":{"line":215,"column":0},"end":{"line":226,"column":0}}},"3":{"name":"created","decl":{"start":{"line":228,"column":0},"end":{"line":null,"column":-1}},"loc":{"start":{"line":228,"column":0},"end":{"line":230,"column":0}}},"4":{"name":"handleCurrentChange","decl":{"start":{"line":233,"column":0},"end":{"line":null,"column":-1}},"loc":{"start":{"line":233,"column":0},"end":{"line":235,"column":0}}},"5":{"name":"handleSizeChange","decl":{"start":{"line":236,"column":0},"end":{"line":null,"column":-1}},"loc":{"start":{"line":236,"column":0},"end":{"line":238,"column":0}}},"6":{"name":"getData","decl":{"start":{"line":240,"column":0},"end":{"line":null,"column":-1}},"loc":{"start":{"line":240,"column":0},"end":{"line":248,"column":0}}},"7":{"name":"(anonymous_9)","decl":{"start":{"line":243,"column":0},"end":{"line":null,"column":-1}},"loc":{"start":{"line":243,"column":0},"end":{"line":247,"column":0}}},"8":{"name":"addConsumer","decl":{"start":{"line":250,"column":0},"end":{"line":null,"column":-1}},"loc":{"start":{"line":250,"column":0},"end":{"line":281,"column":0}}},"9":{"name":"(anonymous_11)","decl":{"start":{"line":251,"column":0},"end":{"line":null,"column":-1}},"loc":{"start":{"line":251,"column":0},"end":{"line":279,"column":0}}},"10":{"name":"(anonymous_12)","decl":{"start":{"line":265,"column":0},"end":{"line":null,"column":-1}},"loc":{"start":{"line":265,"column":0},"end":{"line":273,"column":0}}},"11":{"name":"(anonymous_13)","decl":{"start":{"line":273,"column":0},"end":{"line":null,"column":-1}},"loc":{"start":{"line":273,"column":0},"end":{"line":276,"column":0}}},"12":{"name":"handleEdit","decl":{"start":{"line":283,"column":0},"end":{"line":null,"column":-1}},"loc":{"start":{"line":283,"column":0},"end":{"line":296,"column":0}}},"13":{"name":"editSave","decl":{"start":{"line":298,"column":0},"end":{"line":null,"column":-1}},"loc":{"start":{"line":298,"column":0},"end":{"line":329,"column":0}}},"14":{"name":"(anonymous_16)","decl":{"start":{"line":299,"column":0},"end":{"line":null,"column":-1}},"loc":{"start":{"line":299,"column":0},"end":{"line":328,"column":0}}},"15":{"name":"(anonymous_17)","decl":{"start":{"line":314,"column":0},"end":{"line":null,"column":-1}},"loc":{"start":{"line":314,"column":0},"end":{"line":322,"column":0}}},"16":{"name":"(anonymous_18)","decl":{"start":{"line":322,"column":0},"end":{"line":null,"column":-1}},"loc":{"start":{"line":322,"column":0},"end":{"line":325,"column":0}}},"17":{"name":"uploadUrl","decl":{"start":{"line":331,"column":0},"end":{"line":null,"column":-1}},"loc":{"start":{"line":331,"column":0},"end":{"line":333,"column":0}}},"18":{"name":"deleteRow","decl":{"start":{"line":335,"column":0},"end":{"line":null,"column":-1}},"loc":{"start":{"line":335,"column":0},"end":{"line":349,"column":0}}},"19":{"name":"(anonymous_21)","decl":{"start":{"line":336,"column":0},"end":{"line":null,"column":-1}},"loc":{"start":{"line":336,"column":0},"end":{"line":344,"column":0}}},"20":{"name":"(anonymous_22)","decl":{"start":{"line":344,"column":0},"end":{"line":null,"column":-1}},"loc":{"start":{"line":344,"column":0},"end":{"line":347,"column":0}}},"21":{"name":"getCollect","decl":{"start":{"line":351,"column":0},"end":{"line":null,"column":-1}},"loc":{"start":{"line":351,"column":0},"end":{"line":353,"column":0}}}},"branchMap":{"0":{"loc":{"start":{"line":216,"column":0},"end":{"line":225,"column":0}},"type":"if","locations":[{"start":{"line":216,"column":0},"end":{"line":225,"column":0}},{"start":{"line":216,"column":0},"end":{"line":225,"column":0}}]},"1":{"loc":{"start":{"line":221,"column":0},"end":{"line":223,"column":0}},"type":"if","locations":[{"start":{"line":221,"column":0},"end":{"line":223,"column":0}},{"start":{"line":221,"column":0},"end":{"line":223,"column":0}}]},"2":{"loc":{"start":{"line":218,"column":0},"end":{"line":null,"column":-1}},"type":"if","locations":[{"start":{"line":218,"column":0},"end":{"line":null,"column":-1}},{"start":{"line":218,"column":0},"end":{"line":null,"column":-1}}]},"3":{"loc":{"start":{"line":252,"column":0},"end":{"line":278,"column":0}},"type":"if","locations":[{"start":{"line":252,"column":0},"end":{"line":278,"column":0}},{"start":{"line":252,"column":0},"end":{"line":278,"column":0}}]},"4":{"loc":{"start":{"line":267,"column":0},"end":{"line":272,"column":0}},"type":"if","locations":[{"start":{"line":267,"column":0},"end":{"line":272,"column":0}},{"start":{"line":267,"column":0},"end":{"line":272,"column":0}}]},"5":{"loc":{"start":{"line":300,"column":0},"end":{"line":327,"column":0}},"type":"if","locations":[{"start":{"line":300,"column":0},"end":{"line":327,"column":0}},{"start":{"line":300,"column":0},"end":{"line":327,"column":0}}]},"6":{"loc":{"start":{"line":316,"column":0},"end":{"line":321,"column":0}},"type":"if","locations":[{"start":{"line":316,"column":0},"end":{"line":321,"column":0}},{"start":{"line":316,"column":0},"end":{"line":321,"column":0}}]},"7":{"loc":{"start":{"line":338,"column":0},"end":{"line":343,"column":0}},"type":"if","locations":[{"start":{"line":338,"column":0},"end":{"line":343,"column":0}},{"start":{"line":338,"column":0},"end":{"line":343,"column":0}}]}},"s":{"0":0,"1":0,"2":0,"3":0,"4":0,"5":0,"6":0,"7":0,"8":0,"9":0,"10":0,"11":0,"12":0,"13":0,"14":0,"15":0,"16":0,"17":0,"18":0,"19":0,"20":0,"21":0,"22":0,"23":0,"24":0,"25":0,"26":0,"27":0,"28":0,"29":0,"30":0,"31":0,"32":0,"33":0,"34":0,"35":0,"36":0,"37":0,"38":0,"39":0,"40":0,"41":0,"42":0,"43":0,"44":0,"45":0,"46":0,"47":0,"48":0,"49":0,"50":0,"51":0,"52":0,"53":0,"54":0,"55":0,"56":0,"57":0,"58":0,"59":0,"60":0,"61":0,"62":0,"63":0,"64":0,"65":0,"66":0,"67":0,"68":0,"69":0,"70":0,"71":0,"72":0,"73":0,"74":0,"75":0,"76":0,"77":0},"f":{"0":0,"1":0,"2":0,"3":0,"4":0,"5":0,"6":0,"7":0,"8":0,"9":0,"10":0,"11":0,"12":0,"13":0,"14":0,"15":0,"16":0,"17":0,"18":0,"19":0,"20":0,"21":0},"b":{"0":[0,0],"1":[0,0],"2":[0,0],"3":[0,0],"4":[0,0],"5":[0,0],"6":[0,0],"7":[0,0]}}
,"C:\\Users\\库里小情人\\Documents\\Tencent Files\\2064330975\\FileRecv\\嗨阅读\\GraduationProject\\book-manage\\src\\pages\\DirectoryPage.vue": {"path":"C:\\Users\\库里小情人\\Documents\\Tencent Files\\2064330975\\FileRecv\\嗨阅读\\GraduationProject\\book-manage\\src\\pages\\DirectoryPage.vue","statementMap":{"0":{"start":{"line":78,"column":0},"end":{"line":null,"column":-1}},"1":{"start":{"line":79,"column":0},"end":{"line":null,"column":-1}},"2":{"start":{"line":83,"column":0},"end":{"line":null,"column":-1}},"3":{"start":{"line":110,"column":0},"end":{"line":null,"column":-1}},"4":{"start":{"line":115,"column":0},"end":{"line":124,"column":0}},"5":{"start":{"line":116,"column":0},"end":{"line":null,"column":-1}},"6":{"start":{"line":118,"column":0},"end":{"line":null,"column":-1}},"7":{"start":{"line":117,"column":0},"end":{"line":null,"column":-1}},"8":{"start":{"line":119,"column":0},"end":{"line":123,"column":0}},"9":{"start":{"line":119,"column":0},"end":{"line":null,"column":-1}},"10":{"start":{"line":120,"column":0},"end":{"line":122,"column":0}},"11":{"start":{"line":121,"column":0},"end":{"line":null,"column":-1}},"12":{"start":{"line":128,"column":0},"end":{"line":null,"column":-1}},"13":{"start":{"line":129,"column":0},"end":{"line":null,"column":-1}},"14":{"start":{"line":130,"column":0},"end":{"line":null,"column":-1}},"15":{"start":{"line":134,"column":0},"end":{"line":null,"column":-1}},"16":{"start":{"line":135,"column":0},"end":{"line":null,"column":-1}},"17":{"start":{"line":136,"column":0},"end":{"line":null,"column":-1}},"18":{"start":{"line":137,"column":0},"end":{"line":140,"column":0}},"19":{"start":{"line":138,"column":0},"end":{"line":null,"column":-1}},"20":{"start":{"line":139,"column":0},"end":{"line":null,"column":-1}},"21":{"start":{"line":143,"column":0},"end":{"line":null,"column":-1}},"22":{"start":{"line":144,"column":0},"end":{"line":null,"column":-1}},"23":{"start":{"line":145,"column":0},"end":{"line":null,"column":-1}},"24":{"start":{"line":146,"column":0},"end":{"line":null,"column":-1}},"25":{"start":{"line":147,"column":0},"end":{"line":null,"column":-1}},"26":{"start":{"line":148,"column":0},"end":{"line":159,"column":0}},"27":{"start":{"line":150,"column":0},"end":{"line":155,"column":0}},"28":{"start":{"line":151,"column":0},"end":{"line":null,"column":-1}},"29":{"start":{"line":152,"column":0},"end":{"line":null,"column":-1}},"30":{"start":{"line":154,"column":0},"end":{"line":null,"column":-1}},"31":{"start":{"line":158,"column":0},"end":{"line":null,"column":-1}},"32":{"start":{"line":160,"column":0},"end":{"line":null,"column":-1}},"33":{"start":{"line":164,"column":0},"end":{"line":null,"column":-1}},"34":{"start":{"line":167,"column":0},"end":{"line":null,"column":-1}},"35":{"start":{"line":171,"column":0},"end":{"line":null,"column":-1}},"36":{"start":{"line":172,"column":0},"end":{"line":null,"column":-1}},"37":{"start":{"line":179,"column":0},"end":{"line":null,"column":-1}},"38":{"start":{"line":180,"column":0},"end":{"line":null,"column":-1}},"39":{"start":{"line":181,"column":0},"end":{"line":null,"column":-1}},"40":{"start":{"line":182,"column":0},"end":{"line":null,"column":-1}},"41":{"start":{"line":183,"column":0},"end":{"line":null,"column":-1}},"42":{"start":{"line":184,"column":0},"end":{"line":195,"column":0}},"43":{"start":{"line":186,"column":0},"end":{"line":191,"column":0}},"44":{"start":{"line":187,"column":0},"end":{"line":null,"column":-1}},"45":{"start":{"line":188,"column":0},"end":{"line":null,"column":-1}},"46":{"start":{"line":190,"column":0},"end":{"line":null,"column":-1}},"47":{"start":{"line":194,"column":0},"end":{"line":null,"column":-1}},"48":{"start":{"line":196,"column":0},"end":{"line":null,"column":-1}},"49":{"start":{"line":199,"column":0},"end":{"line":null,"column":-1}},"50":{"start":{"line":200,"column":0},"end":{"line":211,"column":0}},"51":{"start":{"line":202,"column":0},"end":{"line":207,"column":0}},"52":{"start":{"line":203,"column":0},"end":{"line":null,"column":-1}},"53":{"start":{"line":204,"column":0},"end":{"line":null,"column":-1}},"54":{"start":{"line":206,"column":0},"end":{"line":null,"column":-1}},"55":{"start":{"line":210,"column":0},"end":{"line":null,"column":-1}},"56":{"start":{"line":212,"column":0},"end":{"line":null,"column":-1}}},"fnMap":{"0":{"name":"data","decl":{"start":{"line":82,"column":0},"end":{"line":null,"column":-1}},"loc":{"start":{"line":82,"column":0},"end":{"line":106,"column":0}}},"1":{"name":"data","decl":{"start":{"line":109,"column":0},"end":{"line":null,"column":-1}},"loc":{"start":{"line":109,"column":0},"end":{"line":111,"column":0}}},"2":{"name":"select_word","decl":{"start":{"line":114,"column":0},"end":{"line":null,"column":-1}},"loc":{"start":{"line":114,"column":0},"end":{"line":125,"column":0}}},"3":{"name":"created","decl":{"start":{"line":127,"column":0},"end":{"line":null,"column":-1}},"loc":{"start":{"line":127,"column":0},"end":{"line":131,"column":0}}},"4":{"name":"getData","decl":{"start":{"line":134,"column":0},"end":{"line":null,"column":-1}},"loc":{"start":{"line":134,"column":0},"end":{"line":141,"column":0}}},"5":{"name":"(anonymous_7)","decl":{"start":{"line":137,"column":0},"end":{"line":null,"column":-1}},"loc":{"start":{"line":137,"column":0},"end":{"line":140,"column":0}}},"6":{"name":"addDirectory","decl":{"start":{"line":143,"column":0},"end":{"line":null,"column":-1}},"loc":{"start":{"line":143,"column":0},"end":{"line":161,"column":0}}},"7":{"name":"(anonymous_9)","decl":{"start":{"line":148,"column":0},"end":{"line":null,"column":-1}},"loc":{"start":{"line":148,"column":0},"end":{"line":156,"column":0}}},"8":{"name":"(anonymous_10)","decl":{"start":{"line":156,"column":0},"end":{"line":null,"column":-1}},"loc":{"start":{"line":156,"column":0},"end":{"line":159,"column":0}}},"9":{"name":"handleCurrentChange","decl":{"start":{"line":163,"column":0},"end":{"line":null,"column":-1}},"loc":{"start":{"line":163,"column":0},"end":{"line":165,"column":0}}},"10":{"name":"handleSizeChange","decl":{"start":{"line":166,"column":0},"end":{"line":null,"column":-1}},"loc":{"start":{"line":166,"column":0},"end":{"line":168,"column":0}}},"11":{"name":"handleEdit","decl":{"start":{"line":170,"column":0},"end":{"line":null,"column":-1}},"loc":{"start":{"line":170,"column":0},"end":{"line":177,"column":0}}},"12":{"name":"editSave","decl":{"start":{"line":179,"column":0},"end":{"line":null,"column":-1}},"loc":{"start":{"line":179,"column":0},"end":{"line":197,"column":0}}},"13":{"name":"(anonymous_15)","decl":{"start":{"line":184,"column":0},"end":{"line":null,"column":-1}},"loc":{"start":{"line":184,"column":0},"end":{"line":192,"column":0}}},"14":{"name":"(anonymous_16)","decl":{"start":{"line":192,"column":0},"end":{"line":null,"column":-1}},"loc":{"start":{"line":192,"column":0},"end":{"line":195,"column":0}}},"15":{"name":"deleteRow","decl":{"start":{"line":199,"column":0},"end":{"line":null,"column":-1}},"loc":{"start":{"line":199,"column":0},"end":{"line":213,"column":0}}},"16":{"name":"(anonymous_18)","decl":{"start":{"line":200,"column":0},"end":{"line":null,"column":-1}},"loc":{"start":{"line":200,"column":0},"end":{"line":208,"column":0}}},"17":{"name":"(anonymous_19)","decl":{"start":{"line":208,"column":0},"end":{"line":null,"column":-1}},"loc":{"start":{"line":208,"column":0},"end":{"line":211,"column":0}}}},"branchMap":{"0":{"loc":{"start":{"line":115,"column":0},"end":{"line":124,"column":0}},"type":"if","locations":[{"start":{"line":115,"column":0},"end":{"line":124,"column":0}},{"start":{"line":115,"column":0},"end":{"line":124,"column":0}}]},"1":{"loc":{"start":{"line":120,"column":0},"end":{"line":122,"column":0}},"type":"if","locations":[{"start":{"line":120,"column":0},"end":{"line":122,"column":0}},{"start":{"line":120,"column":0},"end":{"line":122,"column":0}}]},"2":{"loc":{"start":{"line":117,"column":0},"end":{"line":null,"column":-1}},"type":"if","locations":[{"start":{"line":117,"column":0},"end":{"line":null,"column":-1}},{"start":{"line":117,"column":0},"end":{"line":null,"column":-1}}]},"3":{"loc":{"start":{"line":150,"column":0},"end":{"line":155,"column":0}},"type":"if","locations":[{"start":{"line":150,"column":0},"end":{"line":155,"column":0}},{"start":{"line":150,"column":0},"end":{"line":155,"column":0}}]},"4":{"loc":{"start":{"line":186,"column":0},"end":{"line":191,"column":0}},"type":"if","locations":[{"start":{"line":186,"column":0},"end":{"line":191,"column":0}},{"start":{"line":186,"column":0},"end":{"line":191,"column":0}}]},"5":{"loc":{"start":{"line":202,"column":0},"end":{"line":207,"column":0}},"type":"if","locations":[{"start":{"line":202,"column":0},"end":{"line":207,"column":0}},{"start":{"line":202,"column":0},"end":{"line":207,"column":0}}]}},"s":{"0":0,"1":0,"2":0,"3":0,"4":0,"5":0,"6":0,"7":0,"8":0,"9":0,"10":0,"11":0,"12":0,"13":0,"14":0,"15":0,"16":0,"17":0,"18":0,"19":0,"20":0,"21":0,"22":0,"23":0,"24":0,"25":0,"26":0,"27":0,"28":0,"29":0,"30":0,"31":0,"32":0,"33":0,"34":0,"35":0,"36":0,"37":0,"38":0,"39":0,"40":0,"41":0,"42":0,"43":0,"44":0,"45":0,"46":0,"47":0,"48":0,"49":0,"50":0,"51":0,"52":0,"53":0,"54":0,"55":0,"56":0},"f":{"0":0,"1":0,"2":0,"3":0,"4":0,"5":0,"6":0,"7":0,"8":0,"9":0,"10":0,"11":0,"12":0,"13":0,"14":0,"15":0,"16":0,"17":0},"b":{"0":[0,0],"1":[0,0],"2":[0,0],"3":[0,0],"4":[0,0],"5":[0,0]}}
,"C:\\Users\\库里小情人\\Documents\\Tencent Files\\2064330975\\FileRecv\\嗨阅读\\GraduationProject\\book-manage\\src\\pages\\InfoPage.vue": {"path":"C:\\Users\\库里小情人\\Documents\\Tencent Files\\2064330975\\FileRecv\\嗨阅读\\GraduationProject\\book-manage\\src\\pages\\InfoPage.vue","statementMap":{"0":{"start":{"line":94,"column":0},"end":{"line":null,"column":-1}},"1":{"start":{"line":96,"column":0},"end":{"line":null,"column":-1}},"2":{"start":{"line":97,"column":0},"end":{"line":null,"column":-1}},"3":{"start":{"line":103,"column":0},"end":{"line":null,"column":-1}},"4":{"start":{"line":111,"column":0},"end":{"line":null,"column":-1}},"5":{"start":{"line":112,"column":0},"end":{"line":116,"column":0}},"6":{"start":{"line":113,"column":0},"end":{"line":115,"column":0}},"7":{"start":{"line":114,"column":0},"end":{"line":null,"column":-1}},"8":{"start":{"line":117,"column":0},"end":{"line":null,"column":-1}},"9":{"start":{"line":130,"column":0},"end":{"line":null,"column":-1}},"10":{"start":{"line":144,"column":0},"end":{"line":null,"column":-1}},"11":{"start":{"line":160,"column":0},"end":{"line":162,"column":0}},"12":{"start":{"line":161,"column":0},"end":{"line":null,"column":-1}},"13":{"start":{"line":163,"column":0},"end":{"line":null,"column":-1}},"14":{"start":{"line":166,"column":0},"end":{"line":null,"column":-1}},"15":{"start":{"line":248,"column":0},"end":{"line":null,"column":-1}},"16":{"start":{"line":249,"column":0},"end":{"line":null,"column":-1}},"17":{"start":{"line":250,"column":0},"end":{"line":null,"column":-1}},"18":{"start":{"line":253,"column":0},"end":{"line":null,"column":-1}},"19":{"start":{"line":254,"column":0},"end":{"line":263,"column":0}},"20":{"start":{"line":255,"column":0},"end":{"line":null,"column":-1}},"21":{"start":{"line":256,"column":0},"end":{"line":null,"column":-1}},"22":{"start":{"line":257,"column":0},"end":{"line":null,"column":-1}},"23":{"start":{"line":258,"column":0},"end":{"line":null,"column":-1}},"24":{"start":{"line":254,"column":0},"end":{"line":null,"column":-1}},"25":{"start":{"line":259,"column":0},"end":{"line":261,"column":0}},"26":{"start":{"line":259,"column":0},"end":{"line":null,"column":-1}},"27":{"start":{"line":260,"column":0},"end":{"line":null,"column":-1}},"28":{"start":{"line":262,"column":0},"end":{"line":null,"column":-1}},"29":{"start":{"line":265,"column":0},"end":{"line":null,"column":-1}},"30":{"start":{"line":266,"column":0},"end":{"line":272,"column":0}},"31":{"st
[...]
"line":null,"column":-1}},"loc":{"start":{"line":265,"column":0},"end":{"line":273,"column":0}}},"9":{"name":"getYears","decl":{"start":{"line":274,"column":0},"end":{"line":null,"column":-1}},"loc":{"start":{"line":274,"column":0},"end":{"line":282,"column":0}}},"10":{"name":"setSex","decl":{"start":{"line":283,"column":0},"end":{"line":null,"column":-1}},"loc":{"start":{"line":283,"column":0},"end":{"line":291,"column":0}}},"11":{"name":"getBook","decl":{"start":{"line":292,"column":0},"end":{"line":null,"column":-1}},"loc":{"start":{"line":292,"column":0},"end":{"line":299,"column":0}}},"12":{"name":"(anonymous_14)","decl":{"start":{"line":293,"column":0},"end":{"line":null,"column":-1}},"loc":{"start":{"line":293,"column":0},"end":{"line":298,"column":0}}},"13":{"name":"getWriter","decl":{"start":{"line":300,"column":0},"end":{"line":null,"column":-1}},"loc":{"start":{"line":300,"column":0},"end":{"line":313,"column":0}}},"14":{"name":"(anonymous_16)","decl":{"start":{"line":301,"column":0},"end":{"line":null,"column":-1}},"loc":{"start":{"line":301,"column":0},"end":{"line":312,"column":0}}},"15":{"name":"getByStyle","decl":{"start":{"line":314,"column":0},"end":{"line":null,"column":-1}},"loc":{"start":{"line":314,"column":0},"end":{"line":320,"column":0}}},"16":{"name":"getByCountry","decl":{"start":{"line":321,"column":0},"end":{"line":null,"column":-1}},"loc":{"start":{"line":321,"column":0},"end":{"line":327,"column":0}}}},"branchMap":{"0":{"loc":{"start":{"line":112,"column":0},"end":{"line":116,"column":0}},"type":"if","locations":[{"start":{"line":112,"column":0},"end":{"line":116,"column":0}},{"start":{"line":112,"column":0},"end":{"line":116,"column":0}}]},"1":{"loc":{"start":{"line":254,"column":0},"end":{"line":null,"column":-1}},"type":"if","locations":[{"start":{"line":254,"column":0},"end":{"line":null,"column":-1}},{"start":{"line":254,"column":0},"end":{"line":null,"column":-1}}]},"2":{"loc":{"start":{"line":267,"column":0},"end":{"line":271,"column":0}},"type":"if","locations":[{"start":{"line":267,"column":0},"end":{"line":271,"column":0}},{"start":{"line":267,"column":0},"end":{"line":271,"column":0}}]},"3":{"loc":{"start":{"line":265,"column":0},"end":{"line":null,"column":-1}},"type":"if","locations":[{"start":{"line":265,"column":0},"end":{"line":null,"column":-1}},{"start":{"line":265,"column":0},"end":{"line":null,"column":-1}}]},"4":{"loc":{"start":{"line":276,"column":0},"end":{"line":280,"column":0}},"type":"if","locations":[{"start":{"line":276,"column":0},"end":{"line":280,"column":0}},{"start":{"line":276,"column":0},"end":{"line":280,"column":0}}]},"5":{"loc":{"start":{"line":274,"column":0},"end":{"line":null,"column":-1}},"type":"if","locations":[{"start":{"line":274,"column":0},"end":{"line":null,"column":-1}},{"start":{"line":274,"column":0},"end":{"line":null,"column":-1}}]},"6":{"loc":{"start":{"line":286,"column":0},"end":{"line":288,"column":0}},"type":"if","locations":[{"start":{"line":286,"column":0},"end":{"line":288,"column":0}},{"start":{"line":286,"column":0},"end":{"line":288,"column":0}}]},"7":{"loc":{"start":{"line":283,"column":0},"end":{"line":null,"column":-1}},"type":"if","locations":[{"start":{"line":283,"column":0},"end":{"line":null,"column":-1}},{"start":{"line":283,"column":0},"end":{"line":null,"column":-1}}]},"8":{"loc":{"start":{"line":293,"column":0},"end":{"line":null,"column":-1}},"type":"if","locations":[{"start":{"line":293,"column":0},"end":{"line":null,"column":-1}},{"start":{"line":293,"column":0},"end":{"line":null,"column":-1}}]},"9":{"loc":{"start":{"line":301,"column":0},"end":{"line":null,"column":-1}},"type":"if","locations":[{"start":{"line":301,"column":0},"end":{"line":null,"column":-1}},{"start":{"line":301,"column":0},"end":{"line":null,"column":-1}}]},"10":{"loc":{"start":{"line":316,"column":0},"end":{"line":318,"column":0}},"type":"if","locations":[{"start":{"line":316,"column":0},"end":{"line":318,"column":0}},{"start":{"line":316,"column":0},"end":{"line":318,"column":0}}]},"11":{"loc":{"start":{"line":314,"column":0},"end":{"line":null,"column":-1}},"type":"if","locations":[{"start":{"line":314,"column":0},"end":{"line":null,"column":-1}},{"start":{"line":314,"column":0},"end":{"line":null,"column":-1}}]},"12":{"loc":{"start":{"line":323,"column":0},"end":{"line":325,"column":0}},"type":"if","locations":[{"start":{"line":323,"column":0},"end":{"line":325,"column":0}},{"start":{"line":323,"column":0},"end":{"line":325,"column":0}}]},"13":{"loc":{"start":{"line":321,"column":0},"end":{"line":null,"column":-1}},"type":"if","locations":[{"start":{"line":321,"column":0},"end":{"line":null,"column":-1}},{"start":{"line":321,"column":0},"end":{"line":null,"column":-1}}]}},"s":{"0":0,"1":0,"2":0,"3":0,"4":0,"5":0,"6":0,"7":0,"8":0,"9":0,"10":0,"11":0,"12":0,"13":0,"14":0,"15":0,"16":0,"17":0,"18":0,"19":0,"20":0,"21":0,"22":0,"23":0,"24":0,"25":0,"26":0,"27":0,"28":0,"29":0,"30":0,"31":0,"32":0,"33":0,"34":0,"35":0,"36":0,"37":0,"38":0,"39":0,"40":0,"41":0,"42":0,"43":0,"44":0,"45":0,"46":0,"47":0,"48":0,"49":0,"50":0,"51":0,"52":0,"53":0,"54":0,"55":0,"56":0,"57":0,"58":0,"59":0,"60":0,"61":0,"62":0,"63":0,"64":0,"65":0,"66":0,"67":0,"68":0,"69":0,"70":0,"71":0,"72":0,"73":0,"74":0,"75":0,"76":0,"77":0},"f":{"0":0,"1":0,"2":0,"3":0,"4":0,"5":0,"6":0,"7":0,"8":0,"9":0,"10":0,"11":0,"12":0,"13":0,"14":0,"15":0,"16":0},"b":{"0":[0,0],"1":[0,0],"2":[0,0],"3":[0,0],"4":[0,0],"5":[0,0],"6":[0,0],"7":[0,0],"8":[0,0],"9":[0,0],"10":[0,0],"11":[0,0],"12":[0,0],"13":[0,0]}}
,"C:\\Users\\库里小情人\\Documents\\Tencent Files\\2064330975\\FileRecv\\嗨阅读\\GraduationProject\\book-manage\\src\\pages\\Login.vue": {"path":"C:\\Users\\库里小情人\\Documents\\Tencent Files\\2064330975\\FileRecv\\嗨阅读\\GraduationProject\\book-manage\\src\\pages\\Login.vue","statementMap":{"0":{"start":{"line":34,"column":0},"end":{"line":null,"column":-1}},"1":{"start":{"line":35,"column":0},"end":{"line":null,"column":-1}},"2":{"start":{"line":36,"column":0},"end":{"line":null,"column":-1}},"3":{"start":{"line":43,"column":0},"end":{"line":null,"column":-1}},"4":{"start":{"line":64,"column":0},"end":{"line":null,"column":-1}},"5":{"start":{"line":67,"column":0},"end":{"line":null,"column":-1}},"6":{"start":{"line":68,"column":0},"end":{"line":null,"column":-1}},"7":{"start":{"line":69,"column":0},"end":{"line":null,"column":-1}},"8":{"start":{"line":70,"column":0},"end":{"line":null,"column":-1}},"9":{"start":{"line":71,"column":0},"end":{"line":82,"column":0}},"10":{"start":{"line":72,"column":0},"end":{"line":81,"column":0}},"11":{"start":{"line":73,"column":0},"end":{"line":null,"column":-1}},"12":{"start":{"line":74,"column":0},"end":{"line":null,"column":-1}},"13":{"start":{"line":75,"column":0},"end":{"line":null,"column":-1}},"14":{"start":{"line":80,"column":0},"end":{"line":null,"column":-1}},"15":{"start":{"line":85,"column":0},"end":{"line":null,"column":-1}},"16":{"start":{"line":86,"column":0},"end":{"line":90,"column":0}},"17":{"start":{"line":87,"column":0},"end":{"line":89,"column":0}},"18":{"start":{"line":88,"column":0},"end":{"line":null,"column":-1}}},"fnMap":{"0":{"name":"data","decl":{"start":{"line":42,"column":0},"end":{"line":null,"column":-1}},"loc":{"start":{"line":42,"column":0},"end":{"line":62,"column":0}}},"1":{"name":"created","decl":{"start":{"line":63,"column":0},"end":{"line":null,"column":-1}},"loc":{"start":{"line":63,"column":0},"end":{"line":65,"column":0}}},"2":{"name":"submitForm","decl":{"start":{"line":67,"column":0},"end":{"line":null,"column":-1}},"loc":{"start":{"line":67,"column":0},"end":{"line":83,"column":0}}},"3":{"name":"(anonymous_5)","decl":{"start":{"line":71,"column":0},"end":{"line":null,"column":-1}},"loc":{"start":{"line":71,"column":0},"end":{"line":82,"column":0}}},"4":{"name":"enten","decl":{"start":{"line":84,"column":0},"end":{"line":null,"column":-1}},"loc":{"start":{"line":84,"column":0},"end":{"line":91,"column":0}}},"5":{"name":"(anonymous_7)","decl":{"start":{"line":86,"column":0},"end":{"line":null,"column":-1}},"loc":{"start":{"line":86,"column":0},"end":{"line":90,"column":0}}}},"branchMap":{"0":{"loc":{"start":{"line":72,"column":0},"end":{"line":81,"column":0}},"type":"if","locations":[{"start":{"line":72,"column":0},"end":{"line":81,"column":0}},{"start":{"line":72,"column":0},"end":{"line":81,"column":0}}]},"1":{"loc":{"start":{"line":87,"column":0},"end":{"line":89,"column":0}},"type":"if","locations":[{"start":{"line":87,"column":0},"end":{"line":89,"column":0}},{"start":{"line":87,"column":0},"end":{"line":89,"column":0}}]}},"s":{"0":0,"1":0,"2":0,"3":0,"4":0,"5":0,"6":0,"7":0,"8":0,"9":0,"10":0,"11":0,"12":0,"13":0,"14":0,"15":0,"16":0,"17":0,"18":0},"f":{"0":0,"1":0,"2":0,"3":0,"4":0,"5":0},"b":{"0":[0,0],"1":[0,0]}}
,"C:\\Users\\库里小情人\\Documents\\Tencent Files\\2064330975\\FileRecv\\嗨阅读\\GraduationProject\\book-manage\\src\\pages\\WriterPage.vue": {"path":"C:\\Users\\库里小情人\\Documents\\Tencent Files\\2064330975\\FileRecv\\嗨阅读\\GraduationProject\\book-manage\\src\\pages\\WriterPage.vue","statementMap":{"0":{"start":{"line":134,"column":0},"end":{"line":null,"column":-1}},"1":{"start":{"line":135,"column":0},"end":{"line":null,"column":-1}},"2":{"start":{"line":139,"column":0},"end":{"line":null,"column":-1}},"3":{"start":{"line":170,"column":0},"end":{"line":null,"column":-1}},"4":{"start":{"line":175,"column":0},"end":{"line":184,"column":0}},"5":{"start":{"line":176,"column":0},"end":{"line":null,"column":-1}},"6":{"start":{"line":178,"column":0},"end":{"line":null,"column":-1}},"7":{"start":{"line":177,"column":0},"end":{"line":null,"column":-1}},"8":{"start":{"line":179,"column":0},"end":{"line":183,"column":0}},"9":{"start":{"line":179,"column":0},"end":{"line":null,"column":-1}},"10":{"start":{"line":180,"column":0},"end":{"line":182,"column":0}},"11":{"start":{"line":181,"column":0},"end":{"line":null,"column":-1}},"12":{"start":{"line":188,"column":0},"end":{"line":null,"column":-1}},"13":{"start":{"line":192,"column":0},"end":{"line":null,"column":-1}},"14":{"start":{"line":193,"column":0},"end":{"line":null,"column":-1}},"15":{"start":{"line":194,"column":0},"end":{"line":null,"column":-1}},"16":{"start":{"line":195,"column":0},"end":{"line":199,"column":0}},"17":{"start":{"line":196,"column":0},"end":{"line":null,"column":-1}},"18":{"start":{"line":197,"column":0},"end":{"line":null,"column":-1}},"19":{"start":{"line":198,"column":0},"end":{"line":null,"column":-1}},"20":{"start":{"line":202,"column":0},"end":{"line":null,"column":-1}},"21":{"start":{"line":203,"column":0},"end":{"line":null,"column":-1}},"22":{"start":{"line":204,"column":0},"end":{"line":null,"column":-1}},"23":{"start":{"line":205,"column":0},"end":{"line":null,"column":-1}},"24":{"start":{"line":206,"column":0},"end":{"line":null,"column":-1}},"25":{"start":{"line":207,"column":0},"end":{"line":null,"column":-1}},"26":{"start":{"line":208,"column":0},"end":{"line":null,"column":-1}},"27":{"start":{"line":209,"column":0},"end":{"line":null,"column":-1}},"28":{"start":{"line":210,"column":0},"end":{"line":null,"column":-1}},"29":{"start":{"line":211,"column":0},"end":{"line":null,"column":-1}},"30":{"start":{"line":212,"column":0},"end":{"line":223,"column":0}},"31":{"start":{"line":214,"column":0},"end":{"line":219,"column":0}},"32":{"start":{"line":215,"column":0},"end":{"line":null,"column":-1}},"33":{"start":{"line":216,"column":0},"end":{"line":null,"column":-1}},"34":{"start":{"line":218,"column":0},"end":{"line":null,"column":-1}},"35":{"start":{"line":222,"column":0},"end":{"line":null,"column":-1}},"36":{"start":{"line":224,"column":0},"end":{"line":null,"column":-1}},"37":{"start":{"line":228,"column":0},"end":{"line":null,"column":-1}},"38":{"start":{"line":232,"column":0},"end":{"line":null,"column":-1}},"39":{"start":{"line":235,"column":0},"end":{"line":null,"column":-1}},"40":{"start":{"line":239,"column":0},"end":{"line":null,"column":-1}},"41":{"start":{"line":240,"column":0},"end":{"line":null,"column":-1}},"42":{"start":{"line":250,"column":0},"end":{"line":null,"column":-1}},"43":{"start":{"line":251,"column":0},"end":{"line":null,"column":-1}},"44":{"start":{"line":252,"column":0},"end":{"line":null,"column":-1}},"45":{"start":{"line":253,"column":0},"end":{"line":null,"column":-1}},"46":{"start":{"line":254,"column":0},"end":{"line":null,"column":-1}},"47":{"start":{"line":255,"column":0},"end":{"line":null,"column":-1}},"48":{"start":{"line":256,"column":0},"end":{"line":null,"column":-1}},"49":{"start":{"line":257,"column":0},"end":{"line":null,"column":-1}},"50":{"start":{"line":258,"column":0},"end":{"line":null,"column":-1}},"51":{"start":{"line":259,"column":0},"end":{"line":null,"column":-1}},"52":{"start":{"line":260,"column":0},"end":{"line":271,"column":0}},"53":{"start":{"line":262,"column":0},"end":{"line":267,"column":0}},"54":{"start":{"line":263,"column":0},"end":{"line":null,"column":-1}},"55":{"start":{"line":264,"column":0},"end":{"line":null,"column":-1}},"56":{"start":{"line":266,"column":0},"end":{"line":null,"column":-1}},"57":{"start":{"line":270,"column":0},"end":{"line":null,"column":-1}},"58":{"start":{"line":272,"column":0},"end":{"line":null,"column":-1}},"59":{"start":{"line":275,"column":0},"end":{"line":null,"column":-1}},"60":{"start":{"line":276,"column":0},"end":{"line":287,"column":0}},"61":{"start":{"line":278,"column":0},"end":{"line":283,"column":0}},"62":{"start":{"line":279,"column":0},"end":{"line":null,"column":-1}},"63":{"start":{"line":280,"column":0},"end":{"line":null,"column":-1}},"64":{"start":{"line":282,"column":0},"end":{"line":null,"column":-1}},"65":{"start":{"line":286,"column":0},"end":{"line":null,"column":-1}},"66":{"start":{"line":288,"column":0},"end":{"line":null,"column":-1}},"67":{"start":{"line":292,"column":0},"end":{"line":null,"column":-1}}},"fnMap":{"0":{"name":"data","decl":{"start":{"line":138,"column":0},"end":{"line":null,"column":-1}},"loc":{"start":{"line":138,"column":0},"end":{"line":166,"column":0}}},"1":{"name":"data","decl":{"start":{"line":169,"column":0},"end":{"line":null,"column":-1}},"loc":{"start":{"line":169,"column":0},"end":{"line":171,"column":0}}},"2":{"name":"select_word","decl":{"start":{"line":174,"column":0},"end":{"line":null,"column":-1}},"loc":{"start":{"line":174,"column":0},"end":{"line":185,"column":0}}},"3":{"name":"created","decl":{"start":{"line":187,"column":0},"end":{"line":null,"column":-1}},"loc":{"start":{"line":187,"column":0},"end":{"line":189,"column":0}}},"4":{"name":"getData","decl":{"start":{"line":192,"column":0},"end":{"line":null,"column":-1}},"loc":{"start":{"line":192,"column":0},"end":{"line":200,"column":0}}},"5":{"name":"(anonymous_7)","decl":{"start":{"line":195,"column":0},"end":{"line":null,"column":-1}},"loc":{"start":{"line":195,"column":0},"end":{"line":199,"column":0}}},"6":{"name":"addWriter","decl":{"start":{"line":202,"column":0},"end":{"line":null,"column":-1}},"loc":{"start":{"line":202,"column":0},"end":{"line":225,"column":0}}},"7":{"name":"(anonymous_9)","decl":{"start":{"line":212,"column":0},"end":{"line":null,"column":-1}},"loc":{"start":{"line":212,"column":0},"end":{"line":220,"column":0}}},"8":{"name":"(anonymous_10)","decl":{"start":{"line":220,"column":0},"end":{"line":null,"column":-1}},"loc":{"start":{"line":220,"column":0},"end":{"line":223,"column":0}}},"9":{"name":"uploadUrl","decl":{"start":{"line":227,"column":0},"end":{"line":null,"column":-1}},"loc":{"start":{"line":227,"column":0},"end":{"line":229,"column":0}}},"10":{"name":"handleCurrentChange","decl":{"start":{"line":231,"column":0},"end":{"line":null,"column":-1}},"loc":{"start":{"line":231,"column":0},"end":{"line":233,"column":0}}},"11":{"name":"handleSizeChange","decl":{"start":{"line":234,"column":0},"end":{"line":null,"column":-1}},"loc":{"start":{"line":234,"column":0},"end":{"line":236,"column":0}}},"12":{"name":"handleEdit","decl":{"start":{"line":238,"column":0},"end":{"line":null,"column":-1}},"loc":{"start":{"line":238,"column":0},"end":{"line":248,"column":0}}},"13":{"name":"editSave","decl":{"start":{"line":250,"column":0},"end":{"line":null,"column":-1}},"loc":{"start":{"line":250,"column":0},"end":{"line":273,"column":0}}},"14":{"name":"(anonymous_16)","decl":{"start":{"line":260,"column":0},"end":{"line":null,"column":-1}},"loc":{"start":{"line":260,"column":0},"end":{"line":268,"column":0}}},"15":{"name":"(anonymous_17)","decl":{"start":{"line":268,"column":0},"end":{"line":null,"column":-1}},"loc":{"start":{"line":268,"column":0},"end":{"line":271,"column":0}}},"16":{"name":"deleteRow","decl":{"start":{"line":275,"column":0},"end":{"line":null,"column":-1}},"loc":{"start":{"line":275,"column":0},"end":{"line":289,"column":0}}},"17":{"name":"(anonymous_19)","decl":{"start":{"line":276,"column":0},"end":{"line":null,"column":-1}},"loc":{"start":{"line":276,"column":0},"end":{"line":284,"column":0}}},"18":{"name":"(anonymous_20)","decl":{"start":{"line":284,"column":0},"end":{"line":null,"column":-1}},"loc":{"start":{"line":284,"column":0},"end":{"line":287,"column":0}}},"19":{"name":"bookEdit","decl":{"start":{"line":291,"column":0},"end":{"line":null,"column":-1}},"loc":{"start":{"line":291,"column":0},"end":{"line":293,"column":0}}}},"branchMap":{"0":{"loc":{"start":{"line":175,"column":0},"end":{"line":184,"column":0}},"type":"if","locations":[{"start":{"line":175,"column":0},"end":{"line":184,"column":0}},{"start":{"line":175,"column":0},"end":{"line":184,"column":0}}]},"1":{"loc":{"start":{"line":180,"column":0},"end":{"line":182,"column":0}},"type":"if","locations":[{"start":{"line":180,"column":0},"end":{"line":182,"column":0}},{"start":{"line":180,"column":0},"end":{"line":182,"column":0}}]},"2":{"loc":{"start":{"line":177,"column":0},"end":{"line":null,"column":-1}},"type":"if","locations":[{"start":{"line":177,"column":0},"end":{"line":null,"column":-1}},{"start":{"line":177,"column":0},"end":{"line":null,"column":-1}}]},"3":{"loc":{"start":{"line":214,"column":0},"end":{"line":219,"column":0}},"type":"if","locations":[{"start":{"line":214,"column":0},"end":{"line":219,"column":0}},{"start":{"line":214,"column":0},"end":{"line":219,"column":0}}]},"4":{"loc":{"start":{"line":262,"column":0},"end":{"line":267,"column":0}},"type":"if","locations":[{"start":{"line":262,"column":0},"end":{"line":267,"column":0}},{"start":{"line":262,"column":0},"end":{"line":267,"column":0}}]},"5":{"loc":{"start":{"line":278,"column":0},"end":{"line":283,"column":0}},"type":"if","locations":[{"start":{"line":278,"column":0},"end":{"line":283,"column":0}},{"start":{"line":278,"column":0},"end":{"line":283,"column":0}}]}},"s":{"0":0,"1":0,"2":0,"3":0,"4":0,"5":0,"6":0,"7":0,"8":0,"9":0,"10":0,"11":0,"12":0,"13":0,"14":0,"15":0,"16":0,"17":0,"18":0,"19":0,"20":0,"21":0,"22":0,"23":0,"24":0,"25":0,"26":0,"27":0,"28":0,"29":0,"30":0,"31":0,"32":0,"33":0,"34":0,"35":0,"36":0,"37":0,"38":0,"39":0,"40":0,"41":0,"42":0,"43":0,"44":0,"45":0,"46":0,"47":0,"48":0,"49":0,"50":0,"51":0,"52":0,"53":0,"54":0,"55":0,"56":0,"57":0,"58":0,"59":0,"60":0,"61":0,"62":0,"63":0,"64":0,"65":0,"66":0,"67":0},"f":{"0":0,"1":0,"2":0,"3":0,"4":0,"5":0,"6":0,"7":0,"8":0,"9":0,"10":0,"11":0,"12":0,"13":0,"14":0,"15":0,"16":0,"17":0,"18":0,"19":0},"b":{"0":[0,0],"1":[0,0],"2":[0,0],"3":[0,0],"4":[0,0],"5":[0,0]}}
,"C:\\Users\\库里小情人\\Documents\\Tencent Files\\2064330975\\FileRecv\\嗨阅读\\GraduationProject\\book-manage\\src\\store\\index.js": {"path":"C:\\Users\\库里小情人\\Documents\\Tencent Files\\2064330975\\FileRecv\\嗨阅读\\GraduationProject\\book-manage\\src\\store\\index.js","statementMap":{"0":{"start":{"line":1,"column":0},"end":{"line":null,"column":-1}},"1":{"start":{"line":2,"column":0},"end":{"line":null,"column":-1}},"2":{"start":{"line":3,"column":0},"end":{"line":null,"column":-1}},"3":{"start":{"line":5,"column":14},"end":{"line":5,"column":0}}},"fnMap":{},"branchMap":{},"s":{"0":0,"1":0,"2":0,"3":0},"f":{},"b":{}}
}
