TN:
SF:C:\Users\库里小情人\Documents\Tencent Files\2064330975\FileRecv\嗨阅读\GraduationProject\book-manage\src\api\http.js
FN:12,(anonymous_1)
FN:20,(anonymous_2)
FN:43,(anonymous_4)
FN:45,(anonymous_5)
FN:48,(anonymous_6)
FN:57,post
FN:58,(anonymous_8)
FN:60,(anonymous_9)
FN:63,(anonymous_10)
FNF:9
FNH:0
FNDA:0,(anonymous_1)
FNDA:0,(anonymous_2)
FNDA:0,(anonymous_4)
FNDA:0,(anonymous_5)
FNDA:0,(anonymous_6)
FNDA:0,post
FNDA:0,(anonymous_8)
FNDA:0,(anonymous_9)
FNDA:0,(anonymous_10)
DA:1,0
DA:2,0
DA:14,0
DA:15,0
DA:17,0
DA:21,0
DA:22,0
DA:24,0
DA:30,0
DA:32,0
DA:34,0
DA:42,0
DA:43,0
DA:44,0
DA:46,0
DA:49,0
DA:57,0
DA:58,0
DA:59,0
DA:61,0
DA:64,0
LF:21
LH:0
BRDA:14,0,0,0
BRDA:14,0,1,0
BRDA:21,1,0,0
BRDA:21,1,1,0
BRDA:23,2,0,0
BRDA:23,2,1,0
BRDA:42,3,0,0
BRDA:42,3,1,0
BRDA:42,4,0,0
BRDA:42,4,1,0
BRDA:57,5,0,0
BRDA:57,5,1,0
BRDA:57,6,0,0
BRDA:57,6,1,0
BRF:14
BRH:0
end_of_record
TN:
SF:C:\Users\库里小情人\Documents\Tencent Files\2064330975\FileRecv\嗨阅读\GraduationProject\book-manage\src\api\index.js
FN:4,getLoginStatus
FN:8,setWriter
FN:10,getAllWriter
FN:12,updateWriter
FN:14,delWriter
FN:18,bookOfWriterId
FN:20,setBook
FN:22,getAllBook
FN:24,updateBook
FN:26,delBook
FN:28,bookOfBookId
FN:32,directoryOfBookId
FN:34,setDirectory
FN:36,getAllDirectory
FN:38,updateDirectory
FN:40,delDirectory
FN:44,getAllConsumer
FN:46,setConsumer
FN:48,updateConsumer
FN:50,delConsumer
FN:52,getUserOfId
FN:56,getCollectOfUserId
FN:58,deleteCollection
FNF:23
FNH:0
FNDA:0,getLoginStatus
FNDA:0,setWriter
FNDA:0,getAllWriter
FNDA:0,updateWriter
FNDA:0,delWriter
FNDA:0,bookOfWriterId
FNDA:0,setBook
FNDA:0,getAllBook
FNDA:0,updateBook
FNDA:0,delBook
FNDA:0,bookOfBookId
FNDA:0,directoryOfBookId
FNDA:0,setDirectory
FNDA:0,getAllDirectory
FNDA:0,updateDirectory
FNDA:0,delDirectory
FNDA:0,getAllConsumer
FNDA:0,setConsumer
FNDA:0,updateConsumer
FNDA:0,delConsumer
FNDA:0,getUserOfId
FNDA:0,getCollectOfUserId
FNDA:0,deleteCollection
DA:1,0
DA:4,0
DA:8,0
DA:10,0
DA:12,0
DA:14,0
DA:18,0
DA:20,0
DA:22,0
DA:24,0
DA:26,0
DA:28,0
DA:32,0
DA:34,0
DA:36,0
DA:38,0
DA:40,0
DA:44,0
DA:46,0
DA:48,0
DA:50,0
DA:52,0
DA:56,0
DA:58,0
LF:24
LH:0
BRF:0
BRH:0
end_of_record
TN:
SF:C:\Users\库里小情人\Documents\Tencent Files\2064330975\FileRecv\嗨阅读\GraduationProject\book-manage\src\assets\js\bus.js
FNF:0
FNH:0
DA:1,0
DA:4,0
LF:2
LH:0
BRF:0
BRH:0
end_of_record
TN:
SF:C:\Users\库里小情人\Documents\Tencent Files\2064330975\FileRecv\嗨阅读\GraduationProject\book-manage\src\assets\js\iconfont.js
FN:2,(anonymous_0)
FN:2,(anonymous_1)
FN:2,t
FN:2,d
FN:2,(anonymous_4)
FN:2,n
FN:2,(anonymous_6)
FN:2,(anonymous_7)
FN:2,(anonymous_8)
FNF:9
FNH:0
FNDA:0,(anonymous_0)
FNDA:0,(anonymous_1)
FNDA:0,t
FNDA:0,d
FNDA:0,(anonymous_4)
FNDA:0,n
FNDA:0,(anonymous_6)
FNDA:0,(anonymous_7)
FNDA:0,(anonymous_8)
DA:2,0
LF:1
LH:0
BRDA:2,0,0,0
BRDA:2,0,1,0
BRDA:2,1,0,0
BRDA:2,1,1,0
BRDA:2,2,0,0
BRDA:2,2,1,0
BRDA:2,3,0,0
BRDA:2,3,1,0
BRDA:2,4,0,0
BRDA:2,4,1,0
BRDA:2,5,0,0
BRDA:2,5,1,0
BRDA:2,6,0,0
BRDA:2,6,1,0
BRDA:2,7,0,0
BRDA:2,7,1,0
BRDA:2,8,0,0
BRDA:2,8,1,0
BRDA:2,9,0,0
BRDA:2,9,1,0
BRF:20
BRH:0
end_of_record
TN:
SF:C:\Users\库里小情人\Documents\Tencent Files\2064330975\FileRecv\嗨阅读\GraduationProject\book-manage\src\components\Banner.vue
FN:27,created
FN:30,destroyed
FN:33,data
FN:41,autoStart
FN:46,(anonymous_5)
FN:49,(anonymous_6)
FN:53,autoStop
FNF:7
FNH:0
FNDA:0,created
FNDA:0,destroyed
FNDA:0,data
FNDA:0,autoStart
FNDA:0,(anonymous_5)
FNDA:0,(anonymous_6)
FNDA:0,autoStop
DA:28,0
DA:31,0
DA:34,0
DA:41,0
DA:42,0
DA:43,0
DA:44,0
DA:46,0
DA:47,0
DA:49,0
DA:50,0
DA:54,0
DA:55,0
LF:13
LH:0
BRDA:43,0,0,0
BRDA:43,0,1,0
BRF:2
BRH:0
end_of_record
TN:
SF:C:\Users\库里小情人\Documents\Tencent Files\2064330975\FileRecv\嗨阅读\GraduationProject\book-manage\src\components\Home.vue
FN:21,data
FN:27,created
FN:29,(anonymous_4)
FN:31,(anonymous_5)
FNF:4
FNH:0
FNDA:0,data
FNDA:0,created
FNDA:0,(anonymous_4)
FNDA:0,(anonymous_5)
DA:12,0
DA:13,0
DA:14,0
DA:22,0
DA:27,0
DA:29,0
DA:30,0
DA:33,0
LF:8
LH:0
BRF:0
BRH:0
end_of_record
TN:
SF:C:\Users\库里小情人\Documents\Tencent Files\2064330975\FileRecv\嗨阅读\GraduationProject\book-manage\src\components\TheAside.vue
FN:28,data
FN:53,onRoutes
FN:57,created
FN:59,(anonymous_5)
FN:61,(anonymous_6)
FNF:5
FNH:0
FNDA:0,data
FNDA:0,onRoutes
FNDA:0,created
FNDA:0,(anonymous_5)
FNDA:0,(anonymous_6)
DA:26,0
DA:29,0
DA:54,0
DA:57,0
DA:59,0
DA:60,0
DA:63,0
LF:7
LH:0
BRF:0
BRH:0
end_of_record
TN:
SF:C:\Users\库里小情人\Documents\Tencent Files\2064330975\FileRecv\嗨阅读\GraduationProject\book-manage\src\components\TheHeader.vue
FN:50,data
FN:65,userName
FN:71,collapseChange
FN:76,handleFullScreen
FN:101,handleCommand
FN:107,setLang
FN:111,changTheme
FNF:7
FNH:0
FNDA:0,data
FNDA:0,userName
FNDA:0,collapseChange
FNDA:0,handleFullScreen
FNDA:0,handleCommand
FNDA:0,setLang
FNDA:0,changTheme
DA:48,0
DA:51,0
DA:66,0
DA:72,0
DA:73,0
DA:77,0
DA:78,0
DA:79,0
DA:80,0
DA:81,0
DA:82,0
DA:83,0
DA:84,0
DA:85,0
DA:88,0
DA:89,0
DA:90,0
DA:91,0
DA:92,0
DA:93,0
DA:94,0
DA:95,0
DA:96,0
DA:99,0
DA:102,0
DA:103,0
DA:104,0
DA:108,0
DA:109,0
DA:112,0
DA:113,0
LF:31
LH:0
BRDA:77,0,0,0
BRDA:77,0,1,0
BRDA:78,1,0,0
BRDA:78,1,1,0
BRDA:80,2,0,0
BRDA:80,2,1,0
BRDA:82,3,0,0
BRDA:82,3,1,0
BRDA:84,4,0,0
BRDA:84,4,1,0
BRDA:89,5,0,0
BRDA:89,5,1,0
BRDA:91,6,0,0
BRDA:91,6,1,0
BRDA:93,7,0,0
BRDA:93,7,1,0
BRDA:95,8,0,0
BRDA:95,8,1,0
BRDA:102,9,0,0
BRDA:102,9,1,0
BRF:20
BRH:0
end_of_record
TN:
SF:C:\Users\库里小情人\Documents\Tencent Files\2064330975\FileRecv\嗨阅读\GraduationProject\book-manage\src\mixins\index.js
FN:2,notify
FN:2,getUrl
FN:2,changeSex
FN:2,attachBirth
FN:2,beforeAvatorUpload
FN:2,handleAvatorSuccess
FN:2,handleDelete
FN:2,handleSelectionChange
FN:2,delAll
FNF:9
FNH:0
FNDA:0,notify
FNDA:0,getUrl
FNDA:0,changeSex
FNDA:0,attachBirth
FNDA:0,beforeAvatorUpload
FNDA:0,handleAvatorSuccess
FNDA:0,handleDelete
FNDA:0,handleSelectionChange
FNDA:0,delAll
DA:1,0
DA:5,0
DA:12,0
DA:16,0
DA:17,0
DA:19,0
DA:20,0
DA:22,0
DA:23,0
DA:25,0
DA:26,0
DA:27,0
DA:28,0
DA:32,0
DA:36,0
DA:37,0
DA:38,0
DA:39,0
DA:41,0
DA:42,0
DA:43,0
DA:44,0
DA:46,0
DA:50,0
DA:51,0
DA:52,0
DA:53,0
DA:58,0
DA:66,0
DA:67,0
DA:71,0
DA:74,0
DA:75,0
DA:76,0
DA:77,0
DA:79,0
LF:36
LH:0
BRDA:16,0,0,0
BRDA:16,0,1,0
BRDA:19,1,0,0
BRDA:19,1,1,0
BRDA:22,2,0,0
BRDA:22,2,1,0
BRDA:25,3,0,0
BRDA:25,3,1,0
BRDA:36,4,0,0
BRDA:36,4,1,0
BRDA:37,5,0,0
BRDA:37,5,1,0
BRDA:42,6,0,0
BRDA:42,6,1,0
BRDA:51,7,0,0
BRDA:51,7,1,0
BRDA:74,8,0,0
BRDA:74,8,1,0
BRF:18
BRH:0
end_of_record
TN:
SF:C:\Users\库里小情人\Documents\Tencent Files\2064330975\FileRecv\嗨阅读\GraduationProject\book-manage\src\pages\BookPage.vue
FN:106,data
FN:136,data
FN:141,select_word
FN:154,created
FN:161,getData
FN:164,(anonymous_7)
FN:170,addBook
FN:177,(anonymous_9)
FN:185,(anonymous_10)
FN:192,uploadUrl
FN:196,handleCurrentChange
FN:199,handleSizeChange
FN:203,handleEdit
FN:213,editSave
FN:219,(anonymous_16)
FN:227,(anonymous_17)
FN:234,deleteRow
FN:235,(anonymous_19)
FN:243,(anonymous_20)
FN:250,directoryEdit
FNF:20
FNH:0
FNDA:0,data
FNDA:0,data
FNDA:0,select_word
FNDA:0,created
FNDA:0,getData
FNDA:0,(anonymous_7)
FNDA:0,addBook
FNDA:0,(anonymous_9)
FNDA:0,(anonymous_10)
FNDA:0,uploadUrl
FNDA:0,handleCurrentChange
FNDA:0,handleSizeChange
FNDA:0,handleEdit
FNDA:0,editSave
FNDA:0,(anonymous_16)
FNDA:0,(anonymous_17)
FNDA:0,deleteRow
FNDA:0,(anonymous_19)
FNDA:0,(anonymous_20)
FNDA:0,directoryEdit
DA:102,0
DA:103,0
DA:107,0
DA:137,0
DA:142,0
DA:143,0
DA:144,0
DA:145,0
DA:146,0
DA:147,0
DA:148,0
DA:155,0
DA:156,0
DA:157,0
DA:161,0
DA:162,0
DA:163,0
DA:164,0
DA:165,0
DA:166,0
DA:170,0
DA:171,0
DA:172,0
DA:173,0
DA:174,0
DA:175,0
DA:176,0
DA:177,0
DA:179,0
DA:180,0
DA:181,0
DA:183,0
DA:187,0
DA:189,0
DA:193,0
DA:197,0
DA:200,0
DA:204,0
DA:205,0
DA:213,0
DA:214,0
DA:215,0
DA:216,0
DA:217,0
DA:218,0
DA:219,0
DA:221,0
DA:222,0
DA:223,0
DA:225,0
DA:229,0
DA:231,0
DA:234,0
DA:235,0
DA:237,0
DA:238,0
DA:239,0
DA:241,0
DA:245,0
DA:247,0
DA:251,0
LF:61
LH:0
BRDA:142,0,0,0
BRDA:142,0,1,0
BRDA:147,1,0,0
BRDA:147,1,1,0
BRDA:144,2,0,0
BRDA:144,2,1,0
BRDA:179,3,0,0
BRDA:179,3,1,0
BRDA:221,4,0,0
BRDA:221,4,1,0
BRDA:237,5,0,0
BRDA:237,5,1,0
BRF:12
BRH:0
end_of_record
TN:
SF:C:\Users\库里小情人\Documents\Tencent Files\2064330975\FileRecv\嗨阅读\GraduationProject\book-manage\src\pages\CollectPage.vue
FN:36,data
FN:48,select_word
FN:61,created
FN:66,getData
FN:69,(anonymous_6)
FN:76,getSong
FN:77,(anonymous_8)
FN:81,(anonymous_9)
FN:87,deleteRow
FN:88,(anonymous_11)
FN:96,(anonymous_12)
FN:103,delAll
FNF:12
FNH:0
FNDA:0,data
FNDA:0,select_word
FNDA:0,created
FNDA:0,getData
FNDA:0,(anonymous_6)
FNDA:0,getSong
FNDA:0,(anonymous_8)
FNDA:0,(anonymous_9)
FNDA:0,deleteRow
FNDA:0,(anonymous_11)
FNDA:0,(anonymous_12)
FNDA:0,delAll
DA:30,0
DA:31,0
DA:37,0
DA:49,0
DA:50,0
DA:51,0
DA:52,0
DA:53,0
DA:54,0
DA:55,0
DA:62,0
DA:66,0
DA:67,0
DA:68,0
DA:69,0
DA:70,0
DA:71,0
DA:76,0
DA:77,0
DA:79,0
DA:80,0
DA:83,0
DA:87,0
DA:88,0
DA:90,0
DA:91,0
DA:92,0
DA:94,0
DA:98,0
DA:100,0
DA:103,0
DA:104,0
DA:105,0
DA:106,0
DA:108,0
LF:35
LH:0
BRDA:49,0,0,0
BRDA:49,0,1,0
BRDA:54,1,0,0
BRDA:54,1,1,0
BRDA:51,2,0,0
BRDA:51,2,1,0
BRDA:69,3,0,0
BRDA:69,3,1,0
BRDA:90,4,0,0
BRDA:90,4,1,0
BRDA:103,5,0,0
BRDA:103,5,1,0
BRF:12
BRH:0
end_of_record
TN:
SF:C:\Users\库里小情人\Documents\Tencent Files\2064330975\FileRecv\嗨阅读\GraduationProject\book-manage\src\pages\ConsumerPage.vue
FN:151,data
FN:209,data
FN:215,select_word
FN:228,created
FN:233,handleCurrentChange
FN:236,handleSizeChange
FN:240,getData
FN:243,(anonymous_9)
FN:250,addConsumer
FN:251,(anonymous_11)
FN:265,(anonymous_12)
FN:273,(anonymous_13)
FN:283,handleEdit
FN:298,editSave
FN:299,(anonymous_16)
FN:314,(anonymous_17)
FN:322,(anonymous_18)
FN:331,uploadUrl
FN:335,deleteRow
FN:336,(anonymous_21)
FN:344,(anonymous_22)
FN:351,getCollect
FNF:22
FNH:0
FNDA:0,data
FNDA:0,data
FNDA:0,select_word
FNDA:0,created
FNDA:0,handleCurrentChange
FNDA:0,handleSizeChange
FNDA:0,getData
FNDA:0,(anonymous_9)
FNDA:0,addConsumer
FNDA:0,(anonymous_11)
FNDA:0,(anonymous_12)
FNDA:0,(anonymous_13)
FNDA:0,handleEdit
FNDA:0,editSave
FNDA:0,(anonymous_16)
FNDA:0,(anonymous_17)
FNDA:0,(anonymous_18)
FNDA:0,uploadUrl
FNDA:0,deleteRow
FNDA:0,(anonymous_21)
FNDA:0,(anonymous_22)
FNDA:0,getCollect
DA:147,0
DA:148,0
DA:152,0
DA:210,0
DA:216,0
DA:217,0
DA:218,0
DA:219,0
DA:220,0
DA:221,0
DA:222,0
DA:229,0
DA:234,0
DA:237,0
DA:240,0
DA:241,0
DA:242,0
DA:243,0
DA:244,0
DA:245,0
DA:246,0
DA:250,0
DA:251,0
DA:252,0
DA:253,0
DA:254,0
DA:255,0
DA:256,0
DA:257,0
DA:258,0
DA:259,0
DA:260,0
DA:261,0
DA:262,0
DA:263,0
DA:264,0
DA:265,0
DA:267,0
DA:268,0
DA:269,0
DA:271,0
DA:275,0
DA:277,0
DA:284,0
DA:285,0
DA:298,0
DA:299,0
DA:300,0
DA:301,0
DA:302,0
DA:303,0
DA:304,0
DA:305,0
DA:306,0
DA:307,0
DA:308,0
DA:309,0
DA:310,0
DA:311,0
DA:312,0
DA:314,0
DA:316,0
DA:317,0
DA:318,0
DA:320,0
DA:324,0
DA:326,0
DA:332,0
DA:335,0
DA:336,0
DA:338,0
DA:339,0
DA:340,0
DA:342,0
DA:346,0
DA:348,0
DA:352,0
LF:77
LH:0
BRDA:216,0,0,0
BRDA:216,0,1,0
BRDA:221,1,0,0
BRDA:221,1,1,0
BRDA:218,2,0,0
BRDA:218,2,1,0
BRDA:252,3,0,0
BRDA:252,3,1,0
BRDA:267,4,0,0
BRDA:267,4,1,0
BRDA:300,5,0,0
BRDA:300,5,1,0
BRDA:316,6,0,0
BRDA:316,6,1,0
BRDA:338,7,0,0
BRDA:338,7,1,0
BRF:16
BRH:0
end_of_record
TN:
SF:C:\Users\库里小情人\Documents\Tencent Files\2064330975\FileRecv\嗨阅读\GraduationProject\book-manage\src\pages\DirectoryPage.vue
FN:82,data
FN:109,data
FN:114,select_word
FN:127,created
FN:134,getData
FN:137,(anonymous_7)
FN:143,addDirectory
FN:148,(anonymous_9)
FN:156,(anonymous_10)
FN:163,handleCurrentChange
FN:166,handleSizeChange
FN:170,handleEdit
FN:179,editSave
FN:184,(anonymous_15)
FN:192,(anonymous_16)
FN:199,deleteRow
FN:200,(anonymous_18)
FN:208,(anonymous_19)
FNF:18
FNH:0
FNDA:0,data
FNDA:0,data
FNDA:0,select_word
FNDA:0,created
FNDA:0,getData
FNDA:0,(anonymous_7)
FNDA:0,addDirectory
FNDA:0,(anonymous_9)
FNDA:0,(anonymous_10)
FNDA:0,handleCurrentChange
FNDA:0,handleSizeChange
FNDA:0,handleEdit
FNDA:0,editSave
FNDA:0,(anonymous_15)
FNDA:0,(anonymous_16)
FNDA:0,deleteRow
FNDA:0,(anonymous_18)
FNDA:0,(anonymous_19)
DA:78,0
DA:79,0
DA:83,0
DA:110,0
DA:115,0
DA:116,0
DA:117,0
DA:118,0
DA:119,0
DA:120,0
DA:121,0
DA:128,0
DA:129,0
DA:130,0
DA:134,0
DA:135,0
DA:136,0
DA:137,0
DA:138,0
DA:139,0
DA:143,0
DA:144,0
DA:145,0
DA:146,0
DA:147,0
DA:148,0
DA:150,0
DA:151,0
DA:152,0
DA:154,0
DA:158,0
DA:160,0
DA:164,0
DA:167,0
DA:171,0
DA:172,0
DA:179,0
DA:180,0
DA:181,0
DA:182,0
DA:183,0
DA:184,0
DA:186,0
DA:187,0
DA:188,0
DA:190,0
DA:194,0
DA:196,0
DA:199,0
DA:200,0
DA:202,0
DA:203,0
DA:204,0
DA:206,0
DA:210,0
DA:212,0
LF:56
LH:0
BRDA:115,0,0,0
BRDA:115,0,1,0
BRDA:120,1,0,0
BRDA:120,1,1,0
BRDA:117,2,0,0
BRDA:117,2,1,0
BRDA:150,3,0,0
BRDA:150,3,1,0
BRDA:186,4,0,0
BRDA:186,4,1,0
BRDA:202,5,0,0
BRDA:202,5,1,0
BRF:12
BRH:0
end_of_record
TN:
SF:C:\Users\库里小情人\Documents\Tencent Files\2064330975\FileRecv\嗨阅读\GraduationProject\book-manage\src\pages\InfoPage.vue
FN:96,data
FN:110,formatter
FN:113,(anonymous_4)
FN:157,series
FN:160,(anonymous_6)
FN:247,mounted
FN:253,getConsumer
FN:254,(anonymous_9)
FN:265,getYear
FN:274,getYears
FN:283,setSex
FN:292,getBook
FN:293,(anonymous_14)
FN:300,getWriter
FN:301,(anonymous_16)
FN:314,getByStyle
FN:321,getByCountry
FNF:17
FNH:0
FNDA:0,data
FNDA:0,formatter
FNDA:0,(anonymous_4)
FNDA:0,series
FNDA:0,(anonymous_6)
FNDA:0,mounted
FNDA:0,getConsumer
FNDA:0,(anonymous_9)
FNDA:0,getYear
FNDA:0,getYears
FNDA:0,setSex
FNDA:0,getBook
FNDA:0,(anonymous_14)
FNDA:0,getWriter
FNDA:0,(anonymous_16)
FNDA:0,getByStyle
FNDA:0,getByCountry
DA:94,0
DA:96,0
DA:97,0
DA:103,0
DA:111,0
DA:112,0
DA:113,0
DA:114,0
DA:117,0
DA:130,0
DA:144,0
DA:160,0
DA:161,0
DA:163,0
DA:166,0
DA:248,0
DA:249,0
DA:250,0
DA:253,0
DA:254,0
DA:255,0
DA:256,0
DA:257,0
DA:258,0
DA:259,0
DA:260,0
DA:262,0
DA:265,0
DA:266,0
DA:267,0
DA:268,0
DA:270,0
DA:274,0
DA:275,0
DA:276,0
DA:277,0
DA:279,0
DA:283,0
DA:284,0
DA:285,0
DA:286,0
DA:287,0
DA:290,0
DA:292,0
DA:293,0
DA:294,0
DA:295,0
DA:296,0
DA:300,0
DA:301,0
DA:302,0
DA:303,0
DA:304,0
DA:305,0
DA:306,0
DA:307,0
DA:308,0
DA:309,0
DA:311,0
DA:314,0
DA:315,0
DA:316,0
DA:317,0
DA:321,0
DA:322,0
DA:323,0
DA:324,0
LF:67
LH:0
BRDA:112,0,0,0
BRDA:112,0,1,0
BRDA:254,1,0,0
BRDA:254,1,1,0
BRDA:267,2,0,0
BRDA:267,2,1,0
BRDA:265,3,0,0
BRDA:265,3,1,0
BRDA:276,4,0,0
BRDA:276,4,1,0
BRDA:274,5,0,0
BRDA:274,5,1,0
BRDA:286,6,0,0
BRDA:286,6,1,0
BRDA:283,7,0,0
BRDA:283,7,1,0
BRDA:293,8,0,0
BRDA:293,8,1,0
BRDA:301,9,0,0
BRDA:301,9,1,0
BRDA:316,10,0,0
BRDA:316,10,1,0
BRDA:314,11,0,0
BRDA:314,11,1,0
BRDA:323,12,0,0
BRDA:323,12,1,0
BRDA:321,13,0,0
BRDA:321,13,1,0
BRF:28
BRH:0
end_of_record
TN:
SF:C:\Users\库里小情人\Documents\Tencent Files\2064330975\FileRecv\嗨阅读\GraduationProject\book-manage\src\pages\Login.vue
FN:42,data
FN:63,created
FN:67,submitForm
FN:71,(anonymous_5)
FN:84,enten
FN:86,(anonymous_7)
FNF:6
FNH:0
FNDA:0,data
FNDA:0,created
FNDA:0,submitForm
FNDA:0,(anonymous_5)
FNDA:0,enten
FNDA:0,(anonymous_7)
DA:34,0
DA:35,0
DA:36,0
DA:43,0
DA:64,0
DA:67,0
DA:68,0
DA:69,0
DA:70,0
DA:71,0
DA:72,0
DA:73,0
DA:74,0
DA:75,0
DA:80,0
DA:85,0
DA:86,0
DA:87,0
DA:88,0
LF:19
LH:0
BRDA:72,0,0,0
BRDA:72,0,1,0
BRDA:87,1,0,0
BRDA:87,1,1,0
BRF:4
BRH:0
end_of_record
TN:
SF:C:\Users\库里小情人\Documents\Tencent Files\2064330975\FileRecv\嗨阅读\GraduationProject\book-manage\src\pages\WriterPage.vue
FN:138,data
FN:169,data
FN:174,select_word
FN:187,created
FN:192,getData
FN:195,(anonymous_7)
FN:202,addWriter
FN:212,(anonymous_9)
FN:220,(anonymous_10)
FN:227,uploadUrl
FN:231,handleCurrentChange
FN:234,handleSizeChange
FN:238,handleEdit
FN:250,editSave
FN:260,(anonymous_16)
FN:268,(anonymous_17)
FN:275,deleteRow
FN:276,(anonymous_19)
FN:284,(anonymous_20)
FN:291,bookEdit
FNF:20
FNH:0
FNDA:0,data
FNDA:0,data
FNDA:0,select_word
FNDA:0,created
FNDA:0,getData
FNDA:0,(anonymous_7)
FNDA:0,addWriter
FNDA:0,(anonymous_9)
FNDA:0,(anonymous_10)
FNDA:0,uploadUrl
FNDA:0,handleCurrentChange
FNDA:0,handleSizeChange
FNDA:0,handleEdit
FNDA:0,editSave
FNDA:0,(anonymous_16)
FNDA:0,(anonymous_17)
FNDA:0,deleteRow
FNDA:0,(anonymous_19)
FNDA:0,(anonymous_20)
FNDA:0,bookEdit
DA:134,0
DA:135,0
DA:139,0
DA:170,0
DA:175,0
DA:176,0
DA:177,0
DA:178,0
DA:179,0
DA:180,0
DA:181,0
DA:188,0
DA:192,0
DA:193,0
DA:194,0
DA:195,0
DA:196,0
DA:197,0
DA:198,0
DA:202,0
DA:203,0
DA:204,0
DA:205,0
DA:206,0
DA:207,0
DA:208,0
DA:209,0
DA:210,0
DA:211,0
DA:212,0
DA:214,0
DA:215,0
DA:216,0
DA:218,0
DA:222,0
DA:224,0
DA:228,0
DA:232,0
DA:235,0
DA:239,0
DA:240,0
DA:250,0
DA:251,0
DA:252,0
DA:253,0
DA:254,0
DA:255,0
DA:256,0
DA:257,0
DA:258,0
DA:259,0
DA:260,0
DA:262,0
DA:263,0
DA:264,0
DA:266,0
DA:270,0
DA:272,0
DA:275,0
DA:276,0
DA:278,0
DA:279,0
DA:280,0
DA:282,0
DA:286,0
DA:288,0
DA:292,0
LF:67
LH:0
BRDA:175,0,0,0
BRDA:175,0,1,0
BRDA:180,1,0,0
BRDA:180,1,1,0
BRDA:177,2,0,0
BRDA:177,2,1,0
BRDA:214,3,0,0
BRDA:214,3,1,0
BRDA:262,4,0,0
BRDA:262,4,1,0
BRDA:278,5,0,0
BRDA:278,5,1,0
BRF:12
BRH:0
end_of_record
TN:
SF:C:\Users\库里小情人\Documents\Tencent Files\2064330975\FileRecv\嗨阅读\GraduationProject\book-manage\src\store\index.js
FNF:0
FNH:0
DA:1,0
DA:2,0
DA:3,0
DA:5,0
LF:4
LH:0
BRF:0
BRH:0
end_of_record
